#
# A fatal error has been detected by the Java Runtime Environment:
#
#  SIGSEGV (0xb) at pc=0x00007fff8ac7e0dd, pid=14087, tid=1811
#
# JRE version: Java(TM) SE Runtime Environment (8.0_65-b17) (build 1.8.0_65-b17)
# Java VM: Java HotSpot(TM) 64-Bit Server VM (25.65-b01 mixed mode bsd-amd64 compressed oops)
# Problematic frame:
# C  [libobjc.A.dylib+0x10dd]  objc_msgSend+0x1d
#
# Failed to write core dump. Core dumps have been disabled. To enable core dumping, try "ulimit -c unlimited" before starting Java again
#
# If you would like to submit a bug report, please visit:
#   http://bugreport.java.com/bugreport/crash.jsp
# The crash happened outside the Java Virtual Machine in native code.
# See problematic frame for where to report the bug.
#

---------------  T H R E A D  ---------------

Current thread (0x00007f8ff282f000):  JavaThread "AWT-AppKit" daemon [_thread_in_native, id=1811, stack(0x00007fff5dccc000,0x00007fff5e4cc000)]

siginfo: si_signo: 11 (SIGSEGV), si_code: 1 (SEGV_MAPERR), si_addr: 0x0000000000000018

Registers:
RAX=0x00007f8ff64a37a0, RBX=0x000000017e374450, RCX=0x000000011e09f140, RDX=0x000000011f027360
RSP=0x00007fff5e4c74b8, RBP=0x00007fff5e4c7570, RSI=0x00007fff85fe040f, RDI=0x00007f8ff16c0410
R8 =0x0000000000000000, R9 =0x0000000000000f50, R10=0x00007fff85fe040f, R11=0x0000000000000000
R12=0x0000000000000000, R13=0x000000018017cb90, R14=0x000000017e374440, R15=0x00007f8ff282f000
RIP=0x00007fff8ac7e0dd, EFLAGS=0x0000000000010246, ERR=0x0000000000000004
  TRAPNO=0x000000000000000e

Top of Stack: (sp=0x00007fff5e4c74b8)
0x00007fff5e4c74b8:   000000017e372157 00007fff5e4c7510
0x00007fff5e4c74c8:   0000000000000003 00007fff5e4c74f0
0x00007fff5e4c74d8:   00000001023f19a6 000000018017cb90
0x00007fff5e4c74e8:   000000018017cb90 00007f8ff64a37a0
0x00007fff5e4c74f8:   000000017e3746a0 000000017e374710
0x00007fff5e4c7508:   00007fff73b12550 00007fff759bcc80
0x00007fff5e4c7518:   000000017e374450 000000017e374690
0x00007fff5e4c7528:   00007f8ff64a37a0 00007f8ff16c0410
0x00007fff5e4c7538:   00007f8ff654c880 00007f8ff64a37a0
0x00007fff5e4c7548:   00007f8ff16c0410 00007fff5e4c75f8
0x00007fff5e4c7558:   00007f8ff282f1f8 000000018017cb90
0x00007fff5e4c7568:   00007fff5e4c7620 00007fff5e4c75e8
0x00007fff5e4c7578:   000000010319e954 000000018017cb90
0x00007fff5e4c7588:   00007fff5e4c7620 00007fff5e4c75e8
0x00007fff5e4c7598:   000000010319e6e7 000000010319e6a2
0x00007fff5e4c75a8:   00007fff5e4c75a8 000000018017cb90
0x00007fff5e4c75b8:   00007fff5e4c7620 000000018017e340
0x00007fff5e4c75c8:   0000000000000000 000000018017cb90
0x00007fff5e4c75d8:   0000000000000000 00007fff5e4c7608
0x00007fff5e4c75e8:   00007fff5e4c7668 0000000103190c4d
0x00007fff5e4c75f8:   0000000781030f48 0000000103198578
0x00007fff5e4c7608:   00007f8ff64a37a0 00007fff5e4c7668
0x00007fff5e4c7618:   00007f8ff16c0410 0000000103199d82
0x00007fff5e4c7628:   00007fff5e4c7628 000000018017cd5a
0x00007fff5e4c7638:   00007fff5e4c7690 000000018017e340
0x00007fff5e4c7648:   0000000000000000 000000018017cd68
0x00007fff5e4c7658:   00007fff5e4c7608 00007fff5e4c7678
0x00007fff5e4c7668:   00007fff5e4c76d8 0000000103190c4d
0x00007fff5e4c7678:   00007f8ff64a37a0 0000000780fb7960
0x00007fff5e4c7688:   00007f8ff16c0410 0000000780fb7960
0x00007fff5e4c7698:   00007fff5e4c7698 0000000187a55d76
0x00007fff5e4c76a8:   00007fff5e4c76e8 0000000187a55e30 

Instructions: (pc=0x00007fff8ac7e0dd)
0x00007fff8ac7e0bd:   00 00 00 48 85 ff 2e 74 7a 40 f6 c7 01 2e 75 7e
0x00007fff8ac7e0cd:   49 bb f8 ff ff ff ff 7f 00 00 4c 23 1f 49 89 f2
0x00007fff8ac7e0dd:   45 23 53 18 49 c1 e2 04 4d 03 53 10 49 3b 32 75
0x00007fff8ac7e0ed:   04 41 ff 62 08 49 83 3a 00 74 6a 4d 3b 53 10 74 

Register to memory mapping:

RAX=0x00007f8ff64a37a0 is an unknown value
RBX=0x000000017e374450: Java_jogamp_nativewindow_macosx_OSXUtil_GetScreenRefreshRate0+0x1cf0 in /private/var/folders/bq/j_8mtpj905g4zm70gcmg0_c80000gn/T/jogamp_0000/file_cache/jln4745926638296227174/jln4359723874232432104/libnativewindow_macosx.jnilib at 0x000000017e36d000
RCX=0x000000011e09f140 is an unknown value
RDX=0x000000011f027360 is an unknown value
RSP=0x00007fff5e4c74b8 is pointing into the stack for thread: 0x00007f8ff282f000
RBP=0x00007fff5e4c7570 is pointing into the stack for thread: 0x00007f8ff282f000
RSI=0x00007fff85fe040f is an unknown value
RDI=0x00007f8ff16c0410 is an unknown value
R8 =0x0000000000000000 is an unknown value
R9 =0x0000000000000f50 is an unknown value
R10=0x00007fff85fe040f is an unknown value
R11=0x0000000000000000 is an unknown value
R12=0x0000000000000000 is an unknown value
R13={method} {0x000000018017cb90} 'UnsetJAWTRootSurfaceLayer0' '(JJ)V' in 'jogamp/nativewindow/jawt/macosx/MacOSXJAWTWindow'
R14=0x000000017e374440: Java_jogamp_nativewindow_macosx_OSXUtil_GetScreenRefreshRate0+0x1ce0 in /private/var/folders/bq/j_8mtpj905g4zm70gcmg0_c80000gn/T/jogamp_0000/file_cache/jln4745926638296227174/jln4359723874232432104/libnativewindow_macosx.jnilib at 0x000000017e36d000
R15=0x00007f8ff282f000 is a thread


Stack: [0x00007fff5dccc000,0x00007fff5e4cc000],  sp=0x00007fff5e4c74b8,  free space=8173k
Native frames: (J=compiled Java code, j=interpreted, Vv=VM code, C=native code)
C  [libobjc.A.dylib+0x10dd]  objc_msgSend+0x1d
j  jogamp.nativewindow.jawt.macosx.MacOSXJAWTWindow.UnsetJAWTRootSurfaceLayer0(JJ)V+0
j  jogamp.nativewindow.jawt.macosx.MacOSXJAWTWindow.access$200(JJ)V+2
j  jogamp.nativewindow.jawt.macosx.MacOSXJAWTWindow$1.run()V+38
j  com.jogamp.common.util.RunnableTask.run()V+24
v  ~StubRoutines::call_stub
V  [libjvm.dylib+0x2eab02]  JavaCalls::call_helper(JavaValue*, methodHandle*, JavaCallArguments*, Thread*)+0x6ae
V  [libjvm.dylib+0x321bab]  jni_invoke_nonstatic(JNIEnv_*, JavaValue*, _jobject*, JNICallType, _jmethodID*, JNI_ArgumentPusher*, Thread*)+0x2ec
V  [libjvm.dylib+0x31437f]  jni_CallVoidMethod+0x16b
C  [libnativewindow_macosx.jnilib+0x5326]  Java_jogamp_nativewindow_jawt_macosx_MacOSXJAWTWindow_UnsetJAWTRootSurfaceLayer0+0x2b6
C  [Foundation+0x92dd0]  __NSThreadPerformPerform+0x125
C  [CoreFoundation+0x80a01]  __CFRUNLOOP_IS_CALLING_OUT_TO_A_SOURCE0_PERFORM_FUNCTION__+0x11
C  [CoreFoundation+0x72c5c]  __CFRunLoopDoSources0+0x1dc
C  [CoreFoundation+0x721bf]  __CFRunLoopRun+0x39f
C  [CoreFoundation+0x71bd8]  CFRunLoopRunSpecific+0x128
C  [HIToolbox+0x3256f]  RunCurrentEventLoopInMode+0xeb
C  [HIToolbox+0x321ee]  ReceiveNextEventCommon+0xb3
C  [HIToolbox+0x3212b]  _BlockUntilNextEventMatchingListInModeWithFilter+0x47
C  [AppKit+0x918ab]  _DPSNextEvent+0x3d2
C  [AppKit+0x90e58]  -[NSApplication nextEventMatchingMask:untilDate:inMode:dequeue:]+0x15a
C  [libosxapp.dylib+0x23aa]  -[NSApplicationAWT nextEventMatchingMask:untilDate:inMode:dequeue:]+0x7c
C  [AppKit+0x86af3]  -[NSApplication run]+0x252
C  [libosxapp.dylib+0x214d]  +[NSApplicationAWT runAWTLoopWithApp:]+0x9c
C  [libawt_lwawt.dylib+0x44517]  -[AWTStarter starter:]+0x389
C  [Foundation+0x92dd0]  __NSThreadPerformPerform+0x125
C  [CoreFoundation+0x80a01]  __CFRUNLOOP_IS_CALLING_OUT_TO_A_SOURCE0_PERFORM_FUNCTION__+0x11
C  [CoreFoundation+0x72b8d]  __CFRunLoopDoSources0+0x10d
C  [CoreFoundation+0x721bf]  __CFRunLoopRun+0x39f
C  [CoreFoundation+0x71bd8]  CFRunLoopRunSpecific+0x128
C  [java+0x6463]  CreateExecutionEnvironment+0x367
C  [java+0x21ac]  JLI_Launch+0x7a0
C  [java+0x84c0]  main+0x65
C  [java+0x1a04]  start+0x34
C  0x0000000000000007

Java frames: (J=compiled Java code, j=interpreted, Vv=VM code)
j  jogamp.nativewindow.jawt.macosx.MacOSXJAWTWindow.UnsetJAWTRootSurfaceLayer0(JJ)V+0
j  jogamp.nativewindow.jawt.macosx.MacOSXJAWTWindow.access$200(JJ)V+2
j  jogamp.nativewindow.jawt.macosx.MacOSXJAWTWindow$1.run()V+38
j  com.jogamp.common.util.RunnableTask.run()V+24
v  ~StubRoutines::call_stub

---------------  P R O C E S S  ---------------

Java Threads: ( => current thread )
  0x00007f8ff7283800 JavaThread "Thread-19" [_thread_blocked, id=12307, stack(0x0000000183d39000,0x0000000183e39000)]
  0x00007f8ff2bb5800 JavaThread "AWT-EventQueue-1" [_thread_in_native, id=56851, stack(0x000000017e9d1000,0x000000017ead1000)]
  0x00007f8ff2142000 JavaThread "DestroyJavaVM" [_thread_blocked, id=4867, stack(0x000000010184b000,0x000000010194b000)]
  0x00007f8ff2a9d000 JavaThread "AWT-EventQueue-0" [_thread_blocked, id=51467, stack(0x000000011f0b4000,0x000000011f1b4000)]
  0x00007f8ff1942800 JavaThread "Java2D Disposer" daemon [_thread_blocked, id=50971, stack(0x000000011de31000,0x000000011df31000)]
  0x00007f8ff191b800 JavaThread "Java2D Queue Flusher" daemon [_thread_blocked, id=49415, stack(0x000000011cdb7000,0x000000011ceb7000)]
  0x00007f8ff18e1000 JavaThread "AWT-Shutdown" [_thread_blocked, id=28179, stack(0x000000011a3ca000,0x000000011a4ca000)]
=>0x00007f8ff282f000 JavaThread "AWT-AppKit" daemon [_thread_in_native, id=1811, stack(0x00007fff5dccc000,0x00007fff5e4cc000)]
  0x00007f8ff3061800 JavaThread "Service Thread" daemon [_thread_blocked, id=18179, stack(0x000000011896a000,0x0000000118a6a000)]
  0x00007f8ff2803000 JavaThread "C1 CompilerThread2" daemon [_thread_blocked, id=17667, stack(0x0000000118867000,0x0000000118967000)]
  0x00007f8ff1835800 JavaThread "C2 CompilerThread1" daemon [_thread_blocked, id=17155, stack(0x0000000118764000,0x0000000118864000)]
  0x00007f8ff3036000 JavaThread "C2 CompilerThread0" daemon [_thread_blocked, id=16643, stack(0x0000000118661000,0x0000000118761000)]
  0x00007f8ff3035800 JavaThread "Signal Dispatcher" daemon [_thread_blocked, id=13335, stack(0x000000011855e000,0x000000011865e000)]
  0x00007f8ff1832000 JavaThread "Finalizer" daemon [_thread_blocked, id=11523, stack(0x0000000116b39000,0x0000000116c39000)]
  0x00007f8ff2006800 JavaThread "Reference Handler" daemon [_thread_blocked, id=11011, stack(0x0000000116a36000,0x0000000116b36000)]

Other Threads:
  0x00007f8ff1831800 VMThread [stack: 0x0000000116933000,0x0000000116a33000] [id=10499]
  0x00007f8ff302d000 WatcherThread [stack: 0x0000000118a6d000,0x0000000118b6d000] [id=18691]

VM state:not at safepoint (normal execution)

VM Mutex/Monitor currently owned by a thread: None

Heap:
 PSYoungGen      total 21504K, used 5309K [0x00000007aab00000, 0x00000007ac100000, 0x00000007c0000000)
  eden space 20992K, 24% used [0x00000007aab00000,0x00000007ab007798,0x00000007abf80000)
  from space 512K, 31% used [0x00000007ac000000,0x00000007ac028000,0x00000007ac080000)
  to   space 512K, 0% used [0x00000007ac080000,0x00000007ac080000,0x00000007ac100000)
 ParOldGen       total 48128K, used 17427K [0x0000000780000000, 0x0000000782f00000, 0x00000007aab00000)
  object space 48128K, 36% used [0x0000000780000000,0x0000000781104de8,0x0000000782f00000)
 Metaspace       used 21462K, capacity 21693K, committed 21808K, reserved 1069056K
  class space    used 2078K, capacity 2145K, committed 2176K, reserved 1048576K

Card table byte_map: [0x0000000112549000,0x000000011274a000] byte_map_base: 0x000000010e949000

Marking Bits: (ParMarkBitMap*) 0x0000000102adee20
 Begin Bits: [0x0000000112cac000, 0x0000000113cac000)
 End Bits:   [0x0000000113cac000, 0x0000000114cac000)

Polling page: 0x0000000101990000

CodeCache: size=245760Kb used=9561Kb max_used=9795Kb free=236199Kb
 bounds [0x0000000103189000, 0x0000000103b59000, 0x0000000112189000]
 total_blobs=3548 nmethods=2655 adapters=806
 compilation: enabled

Compilation events (10 events):
Event: 857.498 Thread 0x00007f8ff1835800 3259       4       sun.java2d.SurfaceData::pixelFor (13 bytes)
Event: 857.501 Thread 0x00007f8ff1835800 nmethod 3259 0x000000010391de10 code [0x000000010391df60, 0x000000010391e058]
Event: 857.515 Thread 0x00007f8ff3036000 3260   !   4       sun.lwawt.LWComponentPeer::isVisible (19 bytes)
Event: 857.522 Thread 0x00007f8ff3036000 nmethod 3260 0x00000001035f0d10 code [0x00000001035f0e60, 0x00000001035f1078]
Event: 857.549 Thread 0x00007f8ff2803000 3262       3       sun.java2d.SunGraphics2D::setColor (108 bytes)
Event: 857.550 Thread 0x00007f8ff2803000 nmethod 3262 0x000000010378fe90 code [0x0000000103790020, 0x0000000103790558]
Event: 857.550 Thread 0x00007f8ff2803000 3261       1       sun.java2d.SurfaceData::isValid (5 bytes)
Event: 857.550 Thread 0x00007f8ff2803000 nmethod 3261 0x00000001038119d0 code [0x0000000103811b20, 0x0000000103811c30]
Event: 857.584 Thread 0x00007f8ff2803000 3263       3       sun.java2d.SurfaceData::markDirty (8 bytes)
Event: 857.584 Thread 0x00007f8ff2803000 nmethod 3263 0x000000010387cbd0 code [0x000000010387cd40, 0x000000010387cf90]

GC Heap History (10 events):
Event: 847.721 GC heap before
{Heap before GC invocations=328 (full 1):
 PSYoungGen      total 21504K, used 21088K [0x00000007aab00000, 0x00000007ac100000, 0x00000007c0000000)
  eden space 20992K, 100% used [0x00000007aab00000,0x00000007abf80000,0x00000007abf80000)
  from space 512K, 18% used [0x00000007ac080000,0x00000007ac098000,0x00000007ac100000)
  to   space 512K, 0% used [0x00000007ac000000,0x00000007ac000000,0x00000007ac080000)
 ParOldGen       total 48128K, used 17427K [0x0000000780000000, 0x0000000782f00000, 0x00000007aab00000)
  object space 48128K, 36% used [0x0000000780000000,0x0000000781104de8,0x0000000782f00000)
 Metaspace       used 21422K, capacity 21623K, committed 21808K, reserved 1069056K
  class space    used 2070K, capacity 2144K, committed 2176K, reserved 1048576K
Event: 847.723 GC heap after
Heap after GC invocations=328 (full 1):
 PSYoungGen      total 21504K, used 128K [0x00000007aab00000, 0x00000007ac100000, 0x00000007c0000000)
  eden space 20992K, 0% used [0x00000007aab00000,0x00000007aab00000,0x00000007abf80000)
  from space 512K, 25% used [0x00000007ac000000,0x00000007ac020000,0x00000007ac080000)
  to   space 512K, 0% used [0x00000007ac080000,0x00000007ac080000,0x00000007ac100000)
 ParOldGen       total 48128K, used 17427K [0x0000000780000000, 0x0000000782f00000, 0x00000007aab00000)
  object space 48128K, 36% used [0x0000000780000000,0x0000000781104de8,0x0000000782f00000)
 Metaspace       used 21422K, capacity 21623K, committed 21808K, reserved 1069056K
  class space    used 2070K, capacity 2144K, committed 2176K, reserved 1048576K
}
Event: 850.111 GC heap before
{Heap before GC invocations=329 (full 1):
 PSYoungGen      total 21504K, used 21120K [0x00000007aab00000, 0x00000007ac100000, 0x00000007c0000000)
  eden space 20992K, 100% used [0x00000007aab00000,0x00000007abf80000,0x00000007abf80000)
  from space 512K, 25% used [0x00000007ac000000,0x00000007ac020000,0x00000007ac080000)
  to   space 512K, 0% used [0x00000007ac080000,0x00000007ac080000,0x00000007ac100000)
 ParOldGen       total 48128K, used 17427K [0x0000000780000000, 0x0000000782f00000, 0x00000007aab00000)
  object space 48128K, 36% used [0x0000000780000000,0x0000000781104de8,0x0000000782f00000)
 Metaspace       used 21425K, capacity 21629K, committed 21808K, reserved 1069056K
  class space    used 2071K, capacity 2145K, committed 2176K, reserved 1048576K
Event: 850.113 GC heap after
Heap after GC invocations=329 (full 1):
 PSYoungGen      total 21504K, used 160K [0x00000007aab00000, 0x00000007ac100000, 0x00000007c0000000)
  eden space 20992K, 0% used [0x00000007aab00000,0x00000007aab00000,0x00000007abf80000)
  from space 512K, 31% used [0x00000007ac080000,0x00000007ac0a8000,0x00000007ac100000)
  to   space 512K, 0% used [0x00000007ac000000,0x00000007ac000000,0x00000007ac080000)
 ParOldGen       total 48128K, used 17427K [0x0000000780000000, 0x0000000782f00000, 0x00000007aab00000)
  object space 48128K, 36% used [0x0000000780000000,0x0000000781104de8,0x0000000782f00000)
 Metaspace       used 21425K, capacity 21629K, committed 21808K, reserved 1069056K
  class space    used 2071K, capacity 2145K, committed 2176K, reserved 1048576K
}
Event: 852.230 GC heap before
{Heap before GC invocations=330 (full 1):
 PSYoungGen      total 21504K, used 21152K [0x00000007aab00000, 0x00000007ac100000, 0x00000007c0000000)
  eden space 20992K, 100% used [0x00000007aab00000,0x00000007abf80000,0x00000007abf80000)
  from space 512K, 31% used [0x00000007ac080000,0x00000007ac0a8000,0x00000007ac100000)
  to   space 512K, 0% used [0x00000007ac000000,0x00000007ac000000,0x00000007ac080000)
 ParOldGen       total 48128K, used 17427K [0x0000000780000000, 0x0000000782f00000, 0x00000007aab00000)
  object space 48128K, 36% used [0x0000000780000000,0x0000000781104de8,0x0000000782f00000)
 Metaspace       used 21427K, capacity 21629K, committed 21808K, reserved 1069056K
  class space    used 2071K, capacity 2145K, committed 2176K, reserved 1048576K
Event: 852.233 GC heap after
Heap after GC invocations=330 (full 1):
 PSYoungGen      total 21504K, used 160K [0x00000007aab00000, 0x00000007ac100000, 0x00000007c0000000)
  eden space 20992K, 0% used [0x00000007aab00000,0x00000007aab00000,0x00000007abf80000)
  from space 512K, 31% used [0x00000007ac000000,0x00000007ac028000,0x00000007ac080000)
  to   space 512K, 0% used [0x00000007ac080000,0x00000007ac080000,0x00000007ac100000)
 ParOldGen       total 48128K, used 17427K [0x0000000780000000, 0x0000000782f00000, 0x00000007aab00000)
  object space 48128K, 36% used [0x0000000780000000,0x0000000781104de8,0x0000000782f00000)
 Metaspace       used 21427K, capacity 21629K, committed 21808K, reserved 1069056K
  class space    used 2071K, capacity 2145K, committed 2176K, reserved 1048576K
}
Event: 854.620 GC heap before
{Heap before GC invocations=331 (full 1):
 PSYoungGen      total 21504K, used 21152K [0x00000007aab00000, 0x00000007ac100000, 0x00000007c0000000)
  eden space 20992K, 100% used [0x00000007aab00000,0x00000007abf80000,0x00000007abf80000)
  from space 512K, 31% used [0x00000007ac000000,0x00000007ac028000,0x00000007ac080000)
  to   space 512K, 0% used [0x00000007ac080000,0x00000007ac080000,0x00000007ac100000)
 ParOldGen       total 48128K, used 17427K [0x0000000780000000, 0x0000000782f00000, 0x00000007aab00000)
  object space 48128K, 36% used [0x0000000780000000,0x0000000781104de8,0x0000000782f00000)
 Metaspace       used 21427K, capacity 21629K, committed 21808K, reserved 1069056K
  class space    used 2071K, capacity 2145K, committed 2176K, reserved 1048576K
Event: 854.622 GC heap after
Heap after GC invocations=331 (full 1):
 PSYoungGen      total 21504K, used 128K [0x00000007aab00000, 0x00000007ac100000, 0x00000007c0000000)
  eden space 20992K, 0% used [0x00000007aab00000,0x00000007aab00000,0x00000007abf80000)
  from space 512K, 25% used [0x00000007ac080000,0x00000007ac0a0000,0x00000007ac100000)
  to   space 512K, 0% used [0x00000007ac000000,0x00000007ac000000,0x00000007ac080000)
 ParOldGen       total 48128K, used 17427K [0x0000000780000000, 0x0000000782f00000, 0x00000007aab00000)
  object space 48128K, 36% used [0x0000000780000000,0x0000000781104de8,0x0000000782f00000)
 Metaspace       used 21427K, capacity 21629K, committed 21808K, reserved 1069056K
  class space    used 2071K, capacity 2145K, committed 2176K, reserved 1048576K
}
Event: 857.010 GC heap before
{Heap before GC invocations=332 (full 1):
 PSYoungGen      total 21504K, used 21120K [0x00000007aab00000, 0x00000007ac100000, 0x00000007c0000000)
  eden space 20992K, 100% used [0x00000007aab00000,0x00000007abf80000,0x00000007abf80000)
  from space 512K, 25% used [0x00000007ac080000,0x00000007ac0a0000,0x00000007ac100000)
  to   space 512K, 0% used [0x00000007ac000000,0x00000007ac000000,0x00000007ac080000)
 ParOldGen       total 48128K, used 17427K [0x0000000780000000, 0x0000000782f00000, 0x00000007aab00000)
  object space 48128K, 36% used [0x0000000780000000,0x0000000781104de8,0x0000000782f00000)
 Metaspace       used 21427K, capacity 21629K, committed 21808K, reserved 1069056K
  class space    used 2071K, capacity 2145K, committed 2176K, reserved 1048576K
Event: 857.012 GC heap after
Heap after GC invocations=332 (full 1):
 PSYoungGen      total 21504K, used 160K [0x00000007aab00000, 0x00000007ac100000, 0x00000007c0000000)
  eden space 20992K, 0% used [0x00000007aab00000,0x00000007aab00000,0x00000007abf80000)
  from space 512K, 31% used [0x00000007ac000000,0x00000007ac028000,0x00000007ac080000)
  to   space 512K, 0% used [0x00000007ac080000,0x00000007ac080000,0x00000007ac100000)
 ParOldGen       total 48128K, used 17427K [0x0000000780000000, 0x0000000782f00000, 0x00000007aab00000)
  object space 48128K, 36% used [0x0000000780000000,0x0000000781104de8,0x0000000782f00000)
 Metaspace       used 21427K, capacity 21629K, committed 21808K, reserved 1069056K
  class space    used 2071K, capacity 2145K, committed 2176K, reserved 1048576K
}

Deoptimization events (10 events):
Event: 857.549 Thread 0x00007f8ff2bb5800 Uncommon trap: reason=class_check action=maybe_recompile pc=0x0000000103b1e68c method=java.awt.event.InvocationEvent.dispatch()V @ 11
Event: 857.550 Thread 0x00007f8ff2bb5800 Uncommon trap: reason=unstable_if action=reinterpret pc=0x000000010386cd90 method=java.awt.EventQueue.isDispatchThreadImpl()Z @ 65
Event: 857.563 Thread 0x00007f8ff282f000 Uncommon trap: reason=class_check action=maybe_recompile pc=0x000000010349d2c0 method=com.jogamp.common.util.RunnableTask.run()V @ 24
Event: 857.566 Thread 0x00007f8ff282f000 Uncommon trap: reason=unstable_if action=reinterpret pc=0x000000010361227c method=jogamp.nativewindow.macosx.OSXUtil.RunOnMainThread(ZZLjava/lang/Runnable;)V @ 3
Event: 857.572 Thread 0x00007f8ff2bb5800 Uncommon trap: reason=unstable_if action=reinterpret pc=0x000000010389eef0 method=jogamp.opengl.GLContextImpl.release(Z)V @ 161
Event: 857.576 Thread 0x00007f8ff2bb5800 Uncommon trap: reason=unstable_if action=reinterpret pc=0x00000001036a5798 method=java.util.LinkedList$ListItr.<init>(Ljava/util/LinkedList;I)V @ 26
Event: 857.579 Thread 0x00007f8ff2bb5800 Uncommon trap: reason=unstable_if action=reinterpret pc=0x0000000103a3bf90 method=java.security.AccessControlContext.optimize()Ljava/security/AccessControlContext; @ 233
Event: 857.583 Thread 0x00007f8ff2a9d000 Uncommon trap: reason=class_check action=maybe_recompile pc=0x0000000103841648 method=java.awt.Component.getGraphics()Ljava/awt/Graphics; @ 114
Event: 857.584 Thread 0x00007f8ff2bb5800 Uncommon trap: reason=class_check action=maybe_recompile pc=0x0000000103b1e68c method=java.awt.event.InvocationEvent.dispatch()V @ 11
Event: 857.590 Thread 0x00007f8ff282f000 Uncommon trap: reason=class_check action=maybe_recompile pc=0x000000010349d2c0 method=com.jogamp.common.util.RunnableTask.run()V @ 24

Internal exceptions (10 events):
Event: 1.052 Thread 0x00007f8ff180b800 Exception <a 'java/io/FileNotFoundException'> (0x00000007aae79500) thrown at [/Users/java_re/workspace/8-2-build-macosx-x86_64/jdk8u65/4987/hotspot/src/share/vm/prims/jni.cpp, line 709]
Event: 3.453 Thread 0x00007f8ff1832000 Exception <a 'java/lang/NullPointerException'> (0x00000007aab8a5b0) thrown at [/Users/java_re/workspace/8-2-build-macosx-x86_64/jdk8u65/4987/hotspot/src/share/vm/interpreter/linkResolver.cpp, line 1178]
Event: 3.549 Thread 0x00007f8ff1a93000 Exception <a 'java/lang/UnsatisfiedLinkError': com.jogamp.common.util.JarUtil.fixNativeLibAttribs(Ljava/lang/String;)Z> (0x00000007aaf6c330) thrown at [/Users/java_re/workspace/8-2-build-macosx-x86_64/jdk8u65/4987/hotspot/src/share/vm/prims/nativeLookup.c
Event: 4.645 Thread 0x00007f8ff2bb5800 Exception <a 'java/io/FileNotFoundException'> (0x00000007ab1b1370) thrown at [/Users/java_re/workspace/8-2-build-macosx-x86_64/jdk8u65/4987/hotspot/src/share/vm/prims/jni.cpp, line 709]
Event: 4.645 Thread 0x00007f8ff2bb5800 Exception <a 'java/io/FileNotFoundException'> (0x00000007ab1b7c60) thrown at [/Users/java_re/workspace/8-2-build-macosx-x86_64/jdk8u65/4987/hotspot/src/share/vm/prims/jni.cpp, line 709]
Event: 4.646 Thread 0x00007f8ff2bb5800 Implicit null exception at 0x0000000103336835 to 0x0000000103336b99
Event: 68.607 Thread 0x00007f8ff2bb5800 Implicit null exception at 0x000000010372abbd to 0x000000010372b0a9
Event: 68.610 Thread 0x00007f8ff2bb5800 Implicit null exception at 0x0000000103a4b804 to 0x0000000103a4c639
Event: 68.610 Thread 0x00007f8ff2bb5800 Implicit null exception at 0x00000001038a41ec to 0x00000001038a425e
Event: 68.610 Thread 0x00007f8ff2bb5800 Implicit null exception at 0x00000001038a94af to 0x00000001038a9589

Events (10 events):
Event: 857.583 Thread 0x00007f8ff2a9d000 DEOPT PACKING pc=0x0000000103841648 sp=0x000000011f1b1c60
Event: 857.583 Thread 0x00007f8ff2a9d000 DEOPT UNPACKING pc=0x000000010318e229 sp=0x000000011f1b1c70 mode 2
Event: 857.584 loading class java/awt/Window$1DisposeAction
Event: 857.584 loading class java/awt/Window$1DisposeAction done
Event: 857.584 Thread 0x00007f8ff2bb5800 Uncommon trap: trap_request=0xffffffde fr.pc=0x0000000103b1e68c
Event: 857.584 Thread 0x00007f8ff2bb5800 DEOPT PACKING pc=0x0000000103b1e68c sp=0x000000017eacef60
Event: 857.584 Thread 0x00007f8ff2bb5800 DEOPT UNPACKING pc=0x000000010318e229 sp=0x000000017eacedf8 mode 2
Event: 857.590 Thread 0x00007f8ff282f000 Uncommon trap: trap_request=0xffffffde fr.pc=0x000000010349d2c0
Event: 857.590 Thread 0x00007f8ff282f000 DEOPT PACKING pc=0x000000010349d2c0 sp=0x00007fff5e4c7730
Event: 857.590 Thread 0x00007f8ff282f000 DEOPT UNPACKING pc=0x000000010318e229 sp=0x00007fff5e4c76d8 mode 2


Dynamic libraries:
0x0000000003439000 	/System/Library/Frameworks/Cocoa.framework/Versions/A/Cocoa
0x0000000003439000 	/System/Library/Frameworks/Security.framework/Versions/A/Security
0x0000000003439000 	/System/Library/Frameworks/ApplicationServices.framework/Versions/A/ApplicationServices
0x0000000003439000 	/usr/lib/libz.1.dylib
0x0000000003439000 	/usr/lib/libSystem.B.dylib
0x0000000003439000 	/usr/lib/libobjc.A.dylib
0x0000000003439000 	/System/Library/Frameworks/CoreFoundation.framework/Versions/A/CoreFoundation
0x0000000003439000 	/System/Library/Frameworks/Foundation.framework/Versions/C/Foundation
0x0000000003439000 	/System/Library/Frameworks/AppKit.framework/Versions/C/AppKit
0x0000000003439000 	/System/Library/Frameworks/CoreData.framework/Versions/A/CoreData
0x0000000003439000 	/System/Library/PrivateFrameworks/RemoteViewServices.framework/Versions/A/RemoteViewServices
0x0000000003439000 	/System/Library/PrivateFrameworks/UIFoundation.framework/Versions/A/UIFoundation
0x0000000003439000 	/System/Library/Frameworks/IOSurface.framework/Versions/A/IOSurface
0x0000000003439000 	/System/Library/Frameworks/AudioToolbox.framework/Versions/A/AudioToolbox
0x0000000003439000 	/System/Library/Frameworks/AudioUnit.framework/Versions/A/AudioUnit
0x0000000003439000 	/System/Library/PrivateFrameworks/DataDetectorsCore.framework/Versions/A/DataDetectorsCore
0x0000000003439000 	/System/Library/PrivateFrameworks/DesktopServicesPriv.framework/Versions/A/DesktopServicesPriv
0x0000000003439000 	/System/Library/Frameworks/Carbon.framework/Versions/A/Frameworks/HIToolbox.framework/Versions/A/HIToolbox
0x0000000003439000 	/System/Library/Frameworks/QuartzCore.framework/Versions/A/QuartzCore
0x0000000003439000 	/System/Library/Frameworks/Carbon.framework/Versions/A/Frameworks/SpeechRecognition.framework/Versions/A/SpeechRecognition
0x0000000003439000 	/usr/lib/libauto.dylib
0x0000000003439000 	/usr/lib/libicucore.A.dylib
0x0000000003439000 	/usr/lib/libxml2.2.dylib
0x0000000003439000 	/System/Library/PrivateFrameworks/CoreUI.framework/Versions/A/CoreUI
0x0000000003439000 	/System/Library/Frameworks/CoreAudio.framework/Versions/A/CoreAudio
0x0000000003439000 	/System/Library/Frameworks/DiskArbitration.framework/Versions/A/DiskArbitration
0x0000000003439000 	/usr/lib/liblangid.dylib
0x0000000003439000 	/System/Library/PrivateFrameworks/MultitouchSupport.framework/Versions/A/MultitouchSupport
0x0000000003439000 	/System/Library/Frameworks/IOKit.framework/Versions/A/IOKit
0x0000000003439000 	/usr/lib/libDiagnosticMessagesClient.dylib
0x0000000003439000 	/System/Library/Frameworks/CoreServices.framework/Versions/A/CoreServices
0x0000000003439000 	/System/Library/PrivateFrameworks/PerformanceAnalysis.framework/Versions/A/PerformanceAnalysis
0x0000000003439000 	/System/Library/PrivateFrameworks/GenerationalStorage.framework/Versions/A/GenerationalStorage
0x0000000003439000 	/System/Library/Frameworks/OpenGL.framework/Versions/A/OpenGL
0x0000000003439000 	/System/Library/PrivateFrameworks/Sharing.framework/Versions/A/Sharing
0x0000000003439000 	/System/Library/Frameworks/CoreGraphics.framework/Versions/A/CoreGraphics
0x0000000003439000 	/System/Library/Frameworks/CoreText.framework/Versions/A/CoreText
0x0000000003439000 	/System/Library/Frameworks/ImageIO.framework/Versions/A/ImageIO
0x0000000003439000 	/usr/lib/libextension.dylib
0x0000000003439000 	/System/Library/PrivateFrameworks/Backup.framework/Versions/A/Backup
0x0000000003439000 	/usr/lib/libarchive.2.dylib
0x0000000003439000 	/System/Library/Frameworks/CFNetwork.framework/Versions/A/CFNetwork
0x0000000003439000 	/System/Library/Frameworks/SystemConfiguration.framework/Versions/A/SystemConfiguration
0x0000000003439000 	/usr/lib/libCRFSuite.dylib
0x0000000003439000 	/usr/lib/libc++.1.dylib
0x0000000003439000 	/usr/lib/libc++abi.dylib
0x0000000003439000 	/usr/lib/system/libcache.dylib
0x0000000003439000 	/usr/lib/system/libcommonCrypto.dylib
0x0000000003439000 	/usr/lib/system/libcompiler_rt.dylib
0x0000000003439000 	/usr/lib/system/libcopyfile.dylib
0x0000000003439000 	/usr/lib/system/libcorecrypto.dylib
0x0000000003439000 	/usr/lib/system/libdispatch.dylib
0x0000000003439000 	/usr/lib/system/libdyld.dylib
0x0000000003439000 	/usr/lib/system/libkeymgr.dylib
0x0000000003439000 	/usr/lib/system/liblaunch.dylib
0x0000000003439000 	/usr/lib/system/libmacho.dylib
0x0000000003439000 	/usr/lib/system/libquarantine.dylib
0x0000000003439000 	/usr/lib/system/libremovefile.dylib
0x0000000003439000 	/usr/lib/system/libsystem_asl.dylib
0x0000000003439000 	/usr/lib/system/libsystem_blocks.dylib
0x0000000003439000 	/usr/lib/system/libsystem_c.dylib
0x0000000003439000 	/usr/lib/system/libsystem_configuration.dylib
0x0000000003439000 	/usr/lib/system/libsystem_coreservices.dylib
0x0000000003439000 	/usr/lib/system/libsystem_coretls.dylib
0x0000000003439000 	/usr/lib/system/libsystem_dnssd.dylib
0x0000000003439000 	/usr/lib/system/libsystem_info.dylib
0x0000000003439000 	/usr/lib/system/libsystem_kernel.dylib
0x0000000003439000 	/usr/lib/system/libsystem_m.dylib
0x0000000003439000 	/usr/lib/system/libsystem_malloc.dylib
0x0000000003439000 	/usr/lib/system/libsystem_network.dylib
0x0000000003439000 	/usr/lib/system/libsystem_networkextension.dylib
0x0000000003439000 	/usr/lib/system/libsystem_notify.dylib
0x0000000003439000 	/usr/lib/system/libsystem_platform.dylib
0x0000000003439000 	/usr/lib/system/libsystem_pthread.dylib
0x0000000003439000 	/usr/lib/system/libsystem_sandbox.dylib
0x0000000003439000 	/usr/lib/system/libsystem_secinit.dylib
0x0000000003439000 	/usr/lib/system/libsystem_stats.dylib
0x0000000003439000 	/usr/lib/system/libsystem_trace.dylib
0x0000000003439000 	/usr/lib/system/libunc.dylib
0x0000000003439000 	/usr/lib/system/libunwind.dylib
0x0000000003439000 	/usr/lib/system/libxpc.dylib
0x0000000003439000 	/usr/lib/libbz2.1.0.dylib
0x0000000003439000 	/usr/lib/liblzma.5.dylib
0x0000000003439000 	/usr/lib/libbsm.0.dylib
0x0000000003439000 	/usr/lib/libsqlite3.dylib
0x0000000003439000 	/usr/lib/system/libkxld.dylib
0x0000000003439000 	/usr/lib/libxar.1.dylib
0x0000000003439000 	/usr/lib/libpam.2.dylib
0x0000000003439000 	/usr/lib/libOpenScriptingUtil.dylib
0x0000000003439000 	/System/Library/Frameworks/CoreServices.framework/Versions/A/Frameworks/FSEvents.framework/Versions/A/FSEvents
0x0000000003439000 	/System/Library/Frameworks/CoreServices.framework/Versions/A/Frameworks/CarbonCore.framework/Versions/A/CarbonCore
0x0000000003439000 	/System/Library/Frameworks/CoreServices.framework/Versions/A/Frameworks/Metadata.framework/Versions/A/Metadata
0x0000000003439000 	/System/Library/Frameworks/CoreServices.framework/Versions/A/Frameworks/OSServices.framework/Versions/A/OSServices
0x0000000003439000 	/System/Library/Frameworks/CoreServices.framework/Versions/A/Frameworks/SearchKit.framework/Versions/A/SearchKit
0x0000000003439000 	/System/Library/Frameworks/CoreServices.framework/Versions/A/Frameworks/AE.framework/Versions/A/AE
0x0000000003439000 	/System/Library/Frameworks/CoreServices.framework/Versions/A/Frameworks/LaunchServices.framework/Versions/A/LaunchServices
0x0000000003439000 	/System/Library/Frameworks/CoreServices.framework/Versions/A/Frameworks/DictionaryServices.framework/Versions/A/DictionaryServices
0x0000000003439000 	/System/Library/Frameworks/NetFS.framework/Versions/A/NetFS
0x0000000003439000 	/System/Library/PrivateFrameworks/NetAuth.framework/Versions/A/NetAuth
0x0000000003439000 	/System/Library/PrivateFrameworks/login.framework/Versions/A/Frameworks/loginsupport.framework/Versions/A/loginsupport
0x0000000003439000 	/System/Library/PrivateFrameworks/TCC.framework/Versions/A/TCC
0x0000000003439000 	/usr/lib/libmecabra.dylib
0x0000000003439000 	/System/Library/Frameworks/ApplicationServices.framework/Versions/A/Frameworks/ATS.framework/Versions/A/ATS
0x0000000003439000 	/System/Library/Frameworks/ApplicationServices.framework/Versions/A/Frameworks/ColorSync.framework/Versions/A/ColorSync
0x0000000003439000 	/System/Library/Frameworks/ApplicationServices.framework/Versions/A/Frameworks/HIServices.framework/Versions/A/HIServices
0x0000000003439000 	/System/Library/Frameworks/ApplicationServices.framework/Versions/A/Frameworks/LangAnalysis.framework/Versions/A/LangAnalysis
0x0000000003439000 	/System/Library/Frameworks/ApplicationServices.framework/Versions/A/Frameworks/PrintCore.framework/Versions/A/PrintCore
0x0000000003439000 	/System/Library/Frameworks/ApplicationServices.framework/Versions/A/Frameworks/QD.framework/Versions/A/QD
0x0000000003439000 	/System/Library/Frameworks/ApplicationServices.framework/Versions/A/Frameworks/SpeechSynthesis.framework/Versions/A/SpeechSynthesis
0x0000000003439000 	/System/Library/Frameworks/Accelerate.framework/Versions/A/Accelerate
0x0000000003439000 	/System/Library/Frameworks/Accelerate.framework/Versions/A/Frameworks/vImage.framework/Versions/A/vImage
0x0000000003439000 	/System/Library/Frameworks/Accelerate.framework/Versions/A/Frameworks/vecLib.framework/Versions/A/vecLib
0x0000000003439000 	/System/Library/Frameworks/Accelerate.framework/Versions/A/Frameworks/vecLib.framework/Versions/A/libvDSP.dylib
0x0000000003439000 	/System/Library/Frameworks/Accelerate.framework/Versions/A/Frameworks/vecLib.framework/Versions/A/libvMisc.dylib
0x0000000003439000 	/System/Library/Frameworks/Accelerate.framework/Versions/A/Frameworks/vecLib.framework/Versions/A/libLAPACK.dylib
0x0000000003439000 	/System/Library/Frameworks/Accelerate.framework/Versions/A/Frameworks/vecLib.framework/Versions/A/libBLAS.dylib
0x0000000003439000 	/System/Library/Frameworks/Accelerate.framework/Versions/A/Frameworks/vecLib.framework/Versions/A/libLinearAlgebra.dylib
0x0000000003439000 	/System/Library/Frameworks/ApplicationServices.framework/Versions/A/Frameworks/ATS.framework/Versions/A/Resources/libFontParser.dylib
0x0000000003439000 	/System/Library/Frameworks/ApplicationServices.framework/Versions/A/Frameworks/ATS.framework/Versions/A/Resources/libFontRegistry.dylib
0x0000000003439000 	/System/Library/PrivateFrameworks/AppleVPA.framework/Versions/A/AppleVPA
0x0000000003439000 	/System/Library/PrivateFrameworks/AppleJPEG.framework/Versions/A/AppleJPEG
0x0000000003439000 	/System/Library/Frameworks/ImageIO.framework/Versions/A/Resources/libJPEG.dylib
0x0000000003439000 	/System/Library/Frameworks/ImageIO.framework/Versions/A/Resources/libTIFF.dylib
0x0000000003439000 	/System/Library/Frameworks/ImageIO.framework/Versions/A/Resources/libPng.dylib
0x0000000003439000 	/System/Library/Frameworks/ImageIO.framework/Versions/A/Resources/libGIF.dylib
0x0000000003439000 	/System/Library/Frameworks/ImageIO.framework/Versions/A/Resources/libJP2.dylib
0x0000000003439000 	/System/Library/Frameworks/ImageIO.framework/Versions/A/Resources/libRadiance.dylib
0x0000000003439000 	/System/Library/Frameworks/CoreVideo.framework/Versions/A/CoreVideo
0x0000000003439000 	/System/Library/Frameworks/OpenGL.framework/Versions/A/Libraries/libGLU.dylib
0x0000000003439000 	/System/Library/Frameworks/OpenGL.framework/Versions/A/Libraries/libGFXShared.dylib
0x0000000003439000 	/System/Library/Frameworks/OpenGL.framework/Versions/A/Libraries/libGL.dylib
0x0000000003439000 	/System/Library/Frameworks/OpenGL.framework/Versions/A/Libraries/libGLImage.dylib
0x0000000003439000 	/System/Library/Frameworks/OpenGL.framework/Versions/A/Libraries/libCVMSPluginSupport.dylib
0x0000000003439000 	/System/Library/Frameworks/OpenGL.framework/Versions/A/Libraries/libCoreVMClient.dylib
0x0000000003439000 	/usr/lib/libcups.2.dylib
0x0000000003439000 	/System/Library/Frameworks/Kerberos.framework/Versions/A/Kerberos
0x0000000003439000 	/System/Library/Frameworks/GSS.framework/Versions/A/GSS
0x0000000003439000 	/usr/lib/libresolv.9.dylib
0x0000000003439000 	/usr/lib/libiconv.2.dylib
0x0000000003439000 	/System/Library/PrivateFrameworks/Heimdal.framework/Versions/A/Heimdal
0x0000000003439000 	/usr/lib/libheimdal-asn1.dylib
0x0000000003439000 	/System/Library/Frameworks/OpenDirectory.framework/Versions/A/OpenDirectory
0x0000000003439000 	/System/Library/PrivateFrameworks/CommonAuth.framework/Versions/A/CommonAuth
0x0000000003439000 	/System/Library/Frameworks/OpenDirectory.framework/Versions/A/Frameworks/CFOpenDirectory.framework/Versions/A/CFOpenDirectory
0x0000000003439000 	/System/Library/Frameworks/SecurityFoundation.framework/Versions/A/SecurityFoundation
0x0000000003439000 	/System/Library/PrivateFrameworks/LanguageModeling.framework/Versions/A/LanguageModeling
0x0000000003439000 	/usr/lib/libcmph.dylib
0x0000000003439000 	/System/Library/Frameworks/ServiceManagement.framework/Versions/A/ServiceManagement
0x0000000003439000 	/usr/lib/libxslt.1.dylib
0x0000000003439000 	/System/Library/Frameworks/Carbon.framework/Versions/A/Frameworks/Ink.framework/Versions/A/Ink
0x0000000003439000 	/System/Library/Frameworks/QuartzCore.framework/Versions/A/Frameworks/CoreImage.framework/Versions/A/CoreImage
0x0000000003439000 	/System/Library/PrivateFrameworks/CrashReporterSupport.framework/Versions/A/CrashReporterSupport
0x0000000003439000 	/System/Library/Frameworks/OpenCL.framework/Versions/A/OpenCL
0x0000000003439000 	/System/Library/PrivateFrameworks/FaceCore.framework/Versions/A/FaceCore
0x0000000003439000 	/System/Library/PrivateFrameworks/Ubiquity.framework/Versions/A/Ubiquity
0x0000000003439000 	/System/Library/PrivateFrameworks/IconServices.framework/Versions/A/IconServices
0x0000000003439000 	/System/Library/PrivateFrameworks/ChunkingLibrary.framework/Versions/A/ChunkingLibrary
0x0000000003439000 	/System/Library/PrivateFrameworks/Apple80211.framework/Versions/A/Apple80211
0x0000000003439000 	/System/Library/Frameworks/CoreWLAN.framework/Versions/A/CoreWLAN
0x0000000003439000 	/System/Library/Frameworks/IOBluetooth.framework/Versions/A/IOBluetooth
0x0000000003439000 	/System/Library/PrivateFrameworks/CoreWiFi.framework/Versions/A/CoreWiFi
0x0000000003439000 	/System/Library/Frameworks/CoreBluetooth.framework/Versions/A/CoreBluetooth
0x0000000003439000 	/System/Library/PrivateFrameworks/DebugSymbols.framework/Versions/A/DebugSymbols
0x0000000003439000 	/System/Library/PrivateFrameworks/CoreSymbolication.framework/Versions/A/CoreSymbolication
0x0000000003439000 	/System/Library/PrivateFrameworks/Symbolication.framework/Versions/A/Symbolication
0x0000000003439000 	/System/Library/PrivateFrameworks/SpeechRecognitionCore.framework/Versions/A/SpeechRecognitionCore
0x0000000102200000 	/Library/Java/JavaVirtualMachines/jdk1.8.0_65.jdk/Contents/Home/jre/lib/server/libjvm.dylib
0x0000000003439000 	/usr/lib/libstdc++.6.dylib
0x000000010194d000 	/Library/Java/JavaVirtualMachines/jdk1.8.0_65.jdk/Contents/Home/jre/lib/libverify.dylib
0x000000010195b000 	/Library/Java/JavaVirtualMachines/jdk1.8.0_65.jdk/Contents/Home/jre/lib/libjava.dylib
0x000000010199a000 	/Library/Java/JavaVirtualMachines/jdk1.8.0_65.jdk/Contents/Home/jre/lib/libzip.dylib
0x0000000116c3b000 	/System/Library/Frameworks/JavaVM.framework/Frameworks/JavaRuntimeSupport.framework/JavaRuntimeSupport
0x0000000116c51000 	/System/Library/Frameworks/JavaVM.framework/Versions/A/Frameworks/JavaNativeFoundation.framework/Versions/A/JavaNativeFoundation
0x0000000116c65000 	/System/Library/Frameworks/JavaVM.framework/Versions/A/JavaVM
0x0000000003439000 	/System/Library/Frameworks/Carbon.framework/Versions/A/Carbon
0x0000000116c71000 	/System/Library/PrivateFrameworks/JavaLaunching.framework/Versions/A/JavaLaunching
0x0000000003439000 	/System/Library/Frameworks/Carbon.framework/Versions/A/Frameworks/CommonPanels.framework/Versions/A/CommonPanels
0x0000000003439000 	/System/Library/Frameworks/Carbon.framework/Versions/A/Frameworks/Help.framework/Versions/A/Help
0x0000000003439000 	/System/Library/Frameworks/Carbon.framework/Versions/A/Frameworks/ImageCapture.framework/Versions/A/ImageCapture
0x0000000003439000 	/System/Library/Frameworks/Carbon.framework/Versions/A/Frameworks/OpenScripting.framework/Versions/A/OpenScripting
0x0000000003439000 	/System/Library/Frameworks/Carbon.framework/Versions/A/Frameworks/Print.framework/Versions/A/Print
0x0000000003439000 	/System/Library/Frameworks/Carbon.framework/Versions/A/Frameworks/SecurityHI.framework/Versions/A/SecurityHI
0x0000000118b6f000 	/Library/Java/JavaVirtualMachines/jdk1.8.0_65.jdk/Contents/Home/jre/lib/libawt.dylib
0x0000000118c17000 	/Library/Java/JavaVirtualMachines/jdk1.8.0_65.jdk/Contents/Home/jre/lib/./libmlib_image.dylib
0x0000000118ce3000 	/Library/Java/JavaVirtualMachines/jdk1.8.0_65.jdk/Contents/Home/jre/lib/libawt_lwawt.dylib
0x0000000118d98000 	/Library/Java/JavaVirtualMachines/jdk1.8.0_65.jdk/Contents/Home/jre/lib/./libosxapp.dylib
0x0000000003439000 	/System/Library/Frameworks/ExceptionHandling.framework/Versions/A/ExceptionHandling
0x0000000003439000 	/System/Library/PrivateFrameworks/CoreServicesInternal.framework/Versions/A/CoreServicesInternal
0x0000000003439000 	/System/Library/PrivateFrameworks/CloudDocs.framework/Versions/A/CloudDocs
0x0000000003439000 	/System/Library/PrivateFrameworks/CoreDuet.framework/Versions/A/CoreDuet
0x0000000003439000 	/System/Library/Frameworks/CloudKit.framework/Versions/A/CloudKit
0x0000000003439000 	/System/Library/PrivateFrameworks/ProtocolBuffer.framework/Versions/A/ProtocolBuffer
0x0000000003439000 	/System/Library/PrivateFrameworks/CoreDuetDaemonProtocol.framework/Versions/A/CoreDuetDaemonProtocol
0x0000000003439000 	/System/Library/PrivateFrameworks/CoreDuetDebugLogging.framework/Versions/A/CoreDuetDebugLogging
0x0000000003439000 	/System/Library/PrivateFrameworks/MMCS.framework/Versions/A/MMCS
0x0000000003439000 	/System/Library/Frameworks/CoreLocation.framework/Versions/A/CoreLocation
0x0000000003439000 	/System/Library/PrivateFrameworks/ProtectedCloudStorage.framework/Versions/A/ProtectedCloudStorage
0x0000000003439000 	/System/Library/PrivateFrameworks/GeoServices.framework/Versions/A/GeoServices
0x0000000003439000 	/System/Library/Frameworks/CoreGraphics.framework/Versions/A/Resources/libCGCMS.A.dylib
0x0000000003439000 	/System/Library/Frameworks/CoreGraphics.framework/Versions/A/Resources/libRIP.A.dylib
0x0000000003439000 	/System/Library/Frameworks/CoreGraphics.framework/Versions/A/Resources/libCGXType.A.dylib
0x0000000003439000 	/System/Library/Frameworks/OpenCL.framework/Versions/A/Libraries/libcldcpuengine.dylib
0x0000000003439000 	/System/Library/PrivateFrameworks/DiskImages.framework/Versions/A/DiskImages
0x0000000003439000 	/System/Library/Frameworks/DiscRecording.framework/Versions/A/DiscRecording
0x0000000003439000 	/usr/lib/libcsfde.dylib
0x0000000003439000 	/usr/lib/libcurl.4.dylib
0x0000000003439000 	/System/Library/PrivateFrameworks/MediaKit.framework/Versions/A/MediaKit
0x0000000003439000 	/usr/lib/libCoreStorage.dylib
0x0000000003439000 	/System/Library/PrivateFrameworks/EFILogin.framework/Versions/A/EFILogin
0x0000000003439000 	/usr/lib/libutil.dylib
0x0000000003439000 	/System/Library/PrivateFrameworks/FindMyDevice.framework/Versions/A/FindMyDevice
0x0000000003439000 	/System/Library/Frameworks/LDAP.framework/Versions/A/LDAP
0x0000000003439000 	/usr/lib/libsasl2.2.dylib
0x0000000003439000 	/System/Library/PrivateFrameworks/CoreDaemon.framework/Versions/B/CoreDaemon
0x0000000003439000 	/usr/lib/libcrypto.0.9.8.dylib
0x0000000003439000 	/System/Library/PrivateFrameworks/AppleSRP.framework/Versions/A/AppleSRP
0x0000000003439000 	/System/Library/PrivateFrameworks/TrustEvaluationAgent.framework/Versions/A/TrustEvaluationAgent
0x000000011bb48000 	cl_kernels
0x000000011bb4a000 	/System/Library/Frameworks/OpenCL.framework/Versions/A/Libraries/ImageFormats/unorm8_bgra.dylib
0x000000011bb39000 	cl_kernels
0x0000000003439000 	/System/Library/PrivateFrameworks/FamilyControls.framework/Versions/A/FamilyControls
0x0000000003439000 	/System/Library/PrivateFrameworks/CommerceKit.framework/Versions/A/Frameworks/CommerceCore.framework/Versions/A/CommerceCore
0x0000000003439000 	/System/Library/PrivateFrameworks/SystemAdministration.framework/Versions/A/SystemAdministration
0x0000000003439000 	/System/Library/PrivateFrameworks/AppContainer.framework/Versions/A/AppContainer
0x0000000003439000 	/System/Library/PrivateFrameworks/SecCodeWrapper.framework/Versions/A/SecCodeWrapper
0x0000000003439000 	/System/Library/Frameworks/DirectoryService.framework/Versions/A/DirectoryService
0x0000000003439000 	/System/Library/PrivateFrameworks/LoginUIKit.framework/Versions/A/Frameworks/LoginUICore.framework/Versions/A/LoginUICore
0x0000000003439000 	/usr/lib/libodfde.dylib
0x0000000003439000 	/System/Library/Frameworks/OpenGL.framework/Versions/A/Resources/GLEngine.bundle/GLEngine
0x0000000003439000 	/System/Library/Frameworks/OpenGL.framework/Versions/A/Libraries/libGLProgrammability.dylib
0x000000011ceb9000 	/System/Library/Extensions/AppleIntelHD5000GraphicsGLDriver.bundle/Contents/MacOS/AppleIntelHD5000GraphicsGLDriver
0x0000000003439000 	/System/Library/PrivateFrameworks/IOAccelerator.framework/Versions/A/IOAccelerator
0x0000000003439000 	/System/Library/PrivateFrameworks/GPUSupport.framework/Versions/A/Libraries/libGPUSupportMercury.dylib
0x0000000003439000 	/System/Library/Frameworks/OpenGL.framework/Versions/A/Resources/GLRendererFloat.bundle/GLRendererFloat
0x000000011df33000 	/Library/Java/JavaVirtualMachines/jdk1.8.0_65.jdk/Contents/Home/jre/lib/libfontmanager.dylib
0x000000011f1b6000 	/Library/Java/JavaVirtualMachines/jdk1.8.0_65.jdk/Contents/Home/jre/lib/libosxui.dylib
0x000000011f45b000 	/Library/Java/JavaVirtualMachines/jdk1.8.0_65.jdk/Contents/Home/jre/lib/libnet.dylib
0x000000011f26c000 	/Library/Java/JavaVirtualMachines/jdk1.8.0_65.jdk/Contents/Home/jre/lib/libnio.dylib
0x0000000003439000 	/System/Library/Frameworks/ApplicationServices.framework/Versions/A/Frameworks/ATS.framework/Versions/A/Resources/libTrueTypeScaler.dylib
0x000000017e363000 	/private/var/folders/bq/j_8mtpj905g4zm70gcmg0_c80000gn/T/jogamp_0000/file_cache/jln4745926638296227174/jln4359723874232432104/libgluegen-rt.jnilib
0x000000017e367000 	/private/var/folders/bq/j_8mtpj905g4zm70gcmg0_c80000gn/T/jogamp_0000/file_cache/jln4745926638296227174/jln4359723874232432104/libnativewindow_awt.jnilib
0x000000017e36a000 	/Library/Java/JavaVirtualMachines/jdk1.8.0_65.jdk/Contents/Home/jre/lib/libjawt.dylib
0x000000017e36d000 	/private/var/folders/bq/j_8mtpj905g4zm70gcmg0_c80000gn/T/jogamp_0000/file_cache/jln4745926638296227174/jln4359723874232432104/libnativewindow_macosx.jnilib
0x0000000180037000 	/private/var/folders/bq/j_8mtpj905g4zm70gcmg0_c80000gn/T/jogamp_0000/file_cache/jln4745926638296227174/jln4359723874232432104/libjogl_desktop.jnilib
0x000000017fdcb000 	/Library/Java/JavaVirtualMachines/jdk1.8.0_65.jdk/Contents/Home/jre/lib/libt2k.dylib

VM Arguments:
jvm_args: -Djava.security.policy=java.policy.applet -Dfile.encoding=UTF-8 
java_command: sun.applet.AppletViewer module6.EarthquakeCityMap1468636160231.html
java_class_path (initial): /Users/ryanjordan/Documents/EclipseWorkspace/UCSDUnfoldingMaps/build:/Users/ryanjordan/Documents/EclipseWorkspace/UCSDUnfoldingMaps/lib/core.jar:/Users/ryanjordan/Documents/EclipseWorkspace/UCSDUnfoldingMaps/lib/gluegen-rt.jar:/Users/ryanjordan/Documents/EclipseWorkspace/UCSDUnfoldingMaps/lib/jogl-all.jar:/Users/ryanjordan/Documents/EclipseWorkspace/UCSDUnfoldingMaps/lib/log4j-1.2.15.jar:/Users/ryanjordan/Documents/EclipseWorkspace/UCSDUnfoldingMaps/lib/sqlite-jdbc-3.7.2.jar:/Users/ryanjordan/Documents/EclipseWorkspace/UCSDUnfoldingMaps/lib/json4processing.jar:/Users/ryanjordan/Documents/EclipseWorkspace/UCSDUnfoldingMaps/lib/libTUIO.jar:/Users/ryanjordan/Documents/EclipseWorkspace/UCSDUnfoldingMaps/lib/unfolding.0.9.7-uscd.jar:/Users/ryanjordan/Documents/EclipseWorkspace/UCSDUnfoldingMaps/jgoodies-forms-1.8.0.jar
Launcher Type: SUN_STANDARD

Environment Variables:
PATH=/usr/bin:/bin:/usr/sbin:/sbin
SHELL=/bin/bash
DISPLAY=/private/tmp/com.apple.launchd.Ie6BNiHdOf/org.macosforge.xquartz:0

Signal Handlers:
SIGSEGV: [libjvm.dylib+0x5a6d31], sa_mask[0]=11111111011111110111111111111111, sa_flags=SA_ONSTACK|SA_RESTART|SA_SIGINFO
SIGBUS: [libjvm.dylib+0x5a6d31], sa_mask[0]=11111111011111110111111111111111, sa_flags=SA_RESTART|SA_SIGINFO
SIGFPE: [libjvm.dylib+0x480a40], sa_mask[0]=11111111011111110111111111111111, sa_flags=SA_RESTART|SA_SIGINFO
SIGPIPE: [libjvm.dylib+0x480a40], sa_mask[0]=11111111011111110111111111111111, sa_flags=SA_RESTART|SA_SIGINFO
SIGXFSZ: [libjvm.dylib+0x480a40], sa_mask[0]=11111111011111110111111111111111, sa_flags=SA_RESTART|SA_SIGINFO
SIGILL: [libjvm.dylib+0x480a40], sa_mask[0]=11111111011111110111111111111111, sa_flags=SA_RESTART|SA_SIGINFO
SIGUSR1: SIG_DFL, sa_mask[0]=00000000000000000000000000000000, sa_flags=none
SIGUSR2: [libjvm.dylib+0x48055e], sa_mask[0]=00100000000000000000000000000000, sa_flags=SA_RESTART|SA_SIGINFO
SIGHUP: [libjvm.dylib+0x47eb35], sa_mask[0]=11111111011111110111111111111111, sa_flags=SA_RESTART|SA_SIGINFO
SIGINT: [libjvm.dylib+0x47eb35], sa_mask[0]=11111111011111110111111111111111, sa_flags=SA_RESTART|SA_SIGINFO
SIGTERM: [libjvm.dylib+0x47eb35], sa_mask[0]=11111111011111110111111111111111, sa_flags=SA_RESTART|SA_SIGINFO
SIGQUIT: [libjvm.dylib+0x47eb35], sa_mask[0]=11111111011111110111111111111111, sa_flags=SA_RESTART|SA_SIGINFO


---------------  S Y S T E M  ---------------

OS:Bsduname:Darwin 14.5.0 Darwin Kernel Version 14.5.0: Thu Apr 21 20:40:54 PDT 2016; root:xnu-2782.50.3~1/RELEASE_X86_64 x86_64
rlimit: STACK 8192k, CORE 0k, NPROC 709, NOFILE 10240, AS infinity
load average:2.22 1.87 1.91

CPU:total 4 (2 cores per cpu, 2 threads per core) family 6 model 69 stepping 1, cmov, cx8, fxsr, mmx, sse, sse2, sse3, ssse3, sse4.1, sse4.2, popcnt, avx, avx2, aes, clmul, erms, lzcnt, ht, tsc, tscinvbit, bmi1, bmi2

Memory: 4k page, physical 4194304k(98192k free)

/proc/meminfo:


vm_info: Java HotSpot(TM) 64-Bit Server VM (25.65-b01) for bsd-amd64 JRE (1.8.0_65-b17), built on Oct  6 2015 15:36:46 by "java_re" with gcc 4.2.1 (Based on Apple Inc. build 5658) (LLVM build 2336.11.00)

time: Fri Jul 15 19:43:37 2016
elapsed time: 857 seconds (0d 0h 14m 17s)

