#
# A fatal error has been detected by the Java Runtime Environment:
#
#  SIGSEGV (0xb) at pc=0x00007fff8ac7e0dd, pid=16170, tid=1811
#
# JRE version: Java(TM) SE Runtime Environment (8.0_65-b17) (build 1.8.0_65-b17)
# Java VM: Java HotSpot(TM) 64-Bit Server VM (25.65-b01 mixed mode bsd-amd64 compressed oops)
# Problematic frame:
# C  [libobjc.A.dylib+0x10dd]  objc_msgSend+0x1d
#
# Failed to write core dump. Core dumps have been disabled. To enable core dumping, try "ulimit -c unlimited" before starting Java again
#
# If you would like to submit a bug report, please visit:
#   http://bugreport.java.com/bugreport/crash.jsp
# The crash happened outside the Java Virtual Machine in native code.
# See problematic frame for where to report the bug.
#

---------------  T H R E A D  ---------------

Current thread (0x00007faafa08a800):  JavaThread "AWT-AppKit" daemon [_thread_in_native, id=1811, stack(0x00007fff54c93000,0x00007fff55493000)]

siginfo: si_signo: 11 (SIGSEGV), si_code: 1 (SEGV_MAPERR), si_addr: 0x0000000000000018

Registers:
RAX=0x00007faafd7a26d0, RBX=0x000000018733a450, RCX=0x00000001281ce0c0, RDX=0x00000001281ce0a0
RSP=0x00007fff5548e3c8, RBP=0x00007fff5548e480, RSI=0x00007fff85fe040f, RDI=0x00007faafd79cfc0
R8 =0x0000000000000000, R9 =0x0000000000000f50, R10=0x00007fff85fe040f, R11=0x0000000000000000
R12=0x0000000000000000, R13=0x0000000188cdeef8, R14=0x000000018733a440, R15=0x00007faafa08a800
RIP=0x00007fff8ac7e0dd, EFLAGS=0x0000000000010246, ERR=0x0000000000000004
  TRAPNO=0x000000000000000e

Top of Stack: (sp=0x00007fff5548e3c8)
0x00007fff5548e3c8:   0000000187338157 00007fff5548e420
0x00007fff5548e3d8:   0000000000000003 00007fff5548e400
0x00007fff5548e3e8:   000000010aa5d9a6 0000000188cdeef8
0x00007fff5548e3f8:   0000000188cdeef8 00007faafd7a26d0
0x00007fff5548e408:   000000018733a6a0 000000018733a710
0x00007fff5548e418:   00007fff73b12550 00007fff759bcc80
0x00007fff5548e428:   000000018733a450 000000018733a690
0x00007fff5548e438:   00007faafd7a26d0 00007faafd79cfc0
0x00007fff5548e448:   00007faaf8f4c380 00007faafd7a26d0
0x00007fff5548e458:   00007faafd79cfc0 00007fff5548e508
0x00007fff5548e468:   00007faafa08a9f8 0000000188cdeef8
0x00007fff5548e478:   00007fff5548e530 00007fff5548e4f8
0x00007fff5548e488:   000000010c17f954 0000000188cdeef8
0x00007fff5548e498:   00007fff5548e530 00007fff5548e4f8
0x00007fff5548e4a8:   000000010c17f6e7 000000010c17f6a2
0x00007fff5548e4b8:   00007fff5548e4b8 0000000188cdeef8
0x00007fff5548e4c8:   00007fff5548e530 0000000188ce1b30
0x00007fff5548e4d8:   0000000000000000 0000000188cdeef8
0x00007fff5548e4e8:   0000000000000000 00007fff5548e518
0x00007fff5548e4f8:   00007fff5548e578 000000010c171c4d
0x00007fff5548e508:   000000078105d120 000000010c179578
0x00007fff5548e518:   00007faafd7a26d0 00007fff5548e578
0x00007fff5548e528:   00007faafd79cfc0 000000010c17ad82
0x00007fff5548e538:   00007fff5548e538 0000000188cdf0c2
0x00007fff5548e548:   00007fff5548e5a0 0000000188ce1b30
0x00007fff5548e558:   0000000000000000 0000000188cdf0d0
0x00007fff5548e568:   00007fff5548e518 00007fff5548e588
0x00007fff5548e578:   00007fff5548e5e8 000000010c171c4d
0x00007fff5548e588:   00007faafd7a26d0 000000078103e450
0x00007fff5548e598:   00007faafd79cfc0 000000078103e450
0x00007fff5548e5a8:   00007fff5548e5a8 000000018e364c2e
0x00007fff5548e5b8:   00007fff5548e5f8 000000018e364ce8 

Instructions: (pc=0x00007fff8ac7e0dd)
0x00007fff8ac7e0bd:   00 00 00 48 85 ff 2e 74 7a 40 f6 c7 01 2e 75 7e
0x00007fff8ac7e0cd:   49 bb f8 ff ff ff ff 7f 00 00 4c 23 1f 49 89 f2
0x00007fff8ac7e0dd:   45 23 53 18 49 c1 e2 04 4d 03 53 10 49 3b 32 75
0x00007fff8ac7e0ed:   04 41 ff 62 08 49 83 3a 00 74 6a 4d 3b 53 10 74 

Register to memory mapping:

RAX=0x00007faafd7a26d0 is an unknown value
RBX=0x000000018733a450: Java_jogamp_nativewindow_macosx_OSXUtil_GetScreenRefreshRate0+0x1cf0 in /private/var/folders/bq/j_8mtpj905g4zm70gcmg0_c80000gn/T/jogamp_0000/file_cache/jln3241245963162575792/jln9135427927423828862/libnativewindow_macosx.jnilib at 0x0000000187333000
RCX=0x00000001281ce0c0 is an unknown value
RDX=0x00000001281ce0a0 is an unknown value
RSP=0x00007fff5548e3c8 is pointing into the stack for thread: 0x00007faafa08a800
RBP=0x00007fff5548e480 is pointing into the stack for thread: 0x00007faafa08a800
RSI=0x00007fff85fe040f is an unknown value
RDI=0x00007faafd79cfc0 is an unknown value
R8 =0x0000000000000000 is an unknown value
R9 =0x0000000000000f50 is an unknown value
R10=0x00007fff85fe040f is an unknown value
R11=0x0000000000000000 is an unknown value
R12=0x0000000000000000 is an unknown value
R13={method} {0x0000000188cdeef8} 'UnsetJAWTRootSurfaceLayer0' '(JJ)V' in 'jogamp/nativewindow/jawt/macosx/MacOSXJAWTWindow'
R14=0x000000018733a440: Java_jogamp_nativewindow_macosx_OSXUtil_GetScreenRefreshRate0+0x1ce0 in /private/var/folders/bq/j_8mtpj905g4zm70gcmg0_c80000gn/T/jogamp_0000/file_cache/jln3241245963162575792/jln9135427927423828862/libnativewindow_macosx.jnilib at 0x0000000187333000
R15=0x00007faafa08a800 is a thread


Stack: [0x00007fff54c93000,0x00007fff55493000],  sp=0x00007fff5548e3c8,  free space=8172k
Native frames: (J=compiled Java code, j=interpreted, Vv=VM code, C=native code)
C  [libobjc.A.dylib+0x10dd]  objc_msgSend+0x1d
j  jogamp.nativewindow.jawt.macosx.MacOSXJAWTWindow.UnsetJAWTRootSurfaceLayer0(JJ)V+0
j  jogamp.nativewindow.jawt.macosx.MacOSXJAWTWindow.access$200(JJ)V+2
j  jogamp.nativewindow.jawt.macosx.MacOSXJAWTWindow$1.run()V+38
J 2448 C1 com.jogamp.common.util.RunnableTask.run()V (345 bytes) @ 0x000000010c884114 [0x000000010c883f80+0x194]
v  ~StubRoutines::call_stub
V  [libjvm.dylib+0x2eab02]  JavaCalls::call_helper(JavaValue*, methodHandle*, JavaCallArguments*, Thread*)+0x6ae
V  [libjvm.dylib+0x321bab]  jni_invoke_nonstatic(JNIEnv_*, JavaValue*, _jobject*, JNICallType, _jmethodID*, JNI_ArgumentPusher*, Thread*)+0x2ec
V  [libjvm.dylib+0x31437f]  jni_CallVoidMethod+0x16b
C  [libnativewindow_macosx.jnilib+0x5326]  Java_jogamp_nativewindow_jawt_macosx_MacOSXJAWTWindow_UnsetJAWTRootSurfaceLayer0+0x2b6
C  [Foundation+0x92dd0]  __NSThreadPerformPerform+0x125
C  [CoreFoundation+0x80a01]  __CFRUNLOOP_IS_CALLING_OUT_TO_A_SOURCE0_PERFORM_FUNCTION__+0x11
C  [CoreFoundation+0x72c5c]  __CFRunLoopDoSources0+0x1dc
C  [CoreFoundation+0x721bf]  __CFRunLoopRun+0x39f
C  [CoreFoundation+0x71bd8]  CFRunLoopRunSpecific+0x128
C  [HIToolbox+0x3256f]  RunCurrentEventLoopInMode+0xeb
C  [HIToolbox+0x321ee]  ReceiveNextEventCommon+0xb3
C  [HIToolbox+0x3212b]  _BlockUntilNextEventMatchingListInModeWithFilter+0x47
C  [AppKit+0x918ab]  _DPSNextEvent+0x3d2
C  [AppKit+0x90e58]  -[NSApplication nextEventMatchingMask:untilDate:inMode:dequeue:]+0x15a
C  [libosxapp.dylib+0x23aa]  -[NSApplicationAWT nextEventMatchingMask:untilDate:inMode:dequeue:]+0x7c
C  [AppKit+0x86af3]  -[NSApplication run]+0x252
C  [libosxapp.dylib+0x214d]  +[NSApplicationAWT runAWTLoopWithApp:]+0x9c
C  [libawt_lwawt.dylib+0x44517]  -[AWTStarter starter:]+0x389
C  [Foundation+0x92dd0]  __NSThreadPerformPerform+0x125
C  [CoreFoundation+0x80a01]  __CFRUNLOOP_IS_CALLING_OUT_TO_A_SOURCE0_PERFORM_FUNCTION__+0x11
C  [CoreFoundation+0x72b8d]  __CFRunLoopDoSources0+0x10d
C  [CoreFoundation+0x721bf]  __CFRunLoopRun+0x39f
C  [CoreFoundation+0x71bd8]  CFRunLoopRunSpecific+0x128
C  [java+0x6463]  CreateExecutionEnvironment+0x367
C  [java+0x21ac]  JLI_Launch+0x7a0
C  [java+0x84c0]  main+0x65
C  [java+0x1a04]  start+0x34
C  0x0000000000000007

Java frames: (J=compiled Java code, j=interpreted, Vv=VM code)
j  jogamp.nativewindow.jawt.macosx.MacOSXJAWTWindow.UnsetJAWTRootSurfaceLayer0(JJ)V+0
j  jogamp.nativewindow.jawt.macosx.MacOSXJAWTWindow.access$200(JJ)V+2
j  jogamp.nativewindow.jawt.macosx.MacOSXJAWTWindow$1.run()V+38
J 2448 C1 com.jogamp.common.util.RunnableTask.run()V (345 bytes) @ 0x000000010c884114 [0x000000010c883f80+0x194]
v  ~StubRoutines::call_stub

---------------  P R O C E S S  ---------------

Java Threads: ( => current thread )
  0x00007faaf9517000 JavaThread "Thread-97" [_thread_blocked, id=24083, stack(0x00000001916bd000,0x00000001917bd000)]
  0x00007faaf9a08000 JavaThread "AWT-EventQueue-1" [_thread_in_native, id=56851, stack(0x00000001879af000,0x0000000187aaf000)]
  0x00007faafa358000 JavaThread "DestroyJavaVM" [_thread_blocked, id=4867, stack(0x000000010c014000,0x000000010c114000)]
  0x00007faaf9029000 JavaThread "AWT-EventQueue-0" [_thread_blocked, id=53763, stack(0x000000012806a000,0x000000012816a000)]
  0x00007faafa963800 JavaThread "Java2D Disposer" daemon [_thread_blocked, id=50711, stack(0x0000000126de7000,0x0000000126ee7000)]
  0x00007faaf98fb000 JavaThread "Java2D Queue Flusher" daemon [_thread_blocked, id=49415, stack(0x0000000125d6d000,0x0000000125e6d000)]
  0x00007faaf98dc000 JavaThread "AWT-Shutdown" [_thread_blocked, id=28179, stack(0x000000012341a000,0x000000012351a000)]
=>0x00007faafa08a800 JavaThread "AWT-AppKit" daemon [_thread_in_native, id=1811, stack(0x00007fff54c93000,0x00007fff55493000)]
  0x00007faafa81b800 JavaThread "Service Thread" daemon [_thread_blocked, id=18179, stack(0x000000012199e000,0x0000000121a9e000)]
  0x00007faaf9019000 JavaThread "C1 CompilerThread2" daemon [_thread_blocked, id=17667, stack(0x000000012189b000,0x000000012199b000)]
  0x00007faaf9018800 JavaThread "C2 CompilerThread1" daemon [_thread_blocked, id=17155, stack(0x0000000121798000,0x0000000121898000)]
  0x00007faafa81a800 JavaThread "C2 CompilerThread0" daemon [_thread_blocked, id=16643, stack(0x0000000121695000,0x0000000121795000)]
  0x00007faaf9017000 JavaThread "Signal Dispatcher" daemon [_thread_blocked, id=16395, stack(0x0000000121592000,0x0000000121692000)]
  0x00007faafa816800 JavaThread "Finalizer" daemon [_thread_blocked, id=11523, stack(0x000000011fb76000,0x000000011fc76000)]
  0x00007faaf9845000 JavaThread "Reference Handler" daemon [_thread_blocked, id=11011, stack(0x000000011fa73000,0x000000011fb73000)]

Other Threads:
  0x00007faafa00f000 VMThread [stack: 0x000000011f970000,0x000000011fa70000] [id=10499]
  0x00007faaf9014000 WatcherThread [stack: 0x0000000121aa1000,0x0000000121ba1000] [id=18691]

VM state:not at safepoint (normal execution)

VM Mutex/Monitor currently owned by a thread: None

Heap:
 PSYoungGen      total 310784K, used 248884K [0x00000007aab00000, 0x00000007bec00000, 0x00000007c0000000)
  eden space 292352K, 85% used [0x00000007aab00000,0x00000007b9ded1e8,0x00000007bc880000)
  from space 18432K, 0% used [0x00000007bc880000,0x00000007bc8a0000,0x00000007bda80000)
  to   space 17408K, 0% used [0x00000007bdb00000,0x00000007bdb00000,0x00000007bec00000)
 ParOldGen       total 119808K, used 73136K [0x0000000780000000, 0x0000000787500000, 0x00000007aab00000)
  object space 119808K, 61% used [0x0000000780000000,0x000000078476c178,0x0000000787500000)
 Metaspace       used 19458K, capacity 19655K, committed 19968K, reserved 1067008K
  class space    used 1885K, capacity 1982K, committed 2048K, reserved 1048576K

Card table byte_map: [0x000000011b52a000,0x000000011b72b000] byte_map_base: 0x000000011792a000

Marking Bits: (ParMarkBitMap*) 0x000000010b14ae20
 Begin Bits: [0x000000011bc8d000, 0x000000011cc8d000)
 End Bits:   [0x000000011cc8d000, 0x000000011dc8d000)

Polling page: 0x000000010b7f9000

CodeCache: size=245760Kb used=7720Kb max_used=7807Kb free=238039Kb
 bounds [0x000000010c16a000, 0x000000010c91a000, 0x000000011b16a000]
 total_blobs=3164 nmethods=2285 adapters=792
 compilation: enabled

Compilation events (10 events):
Event: 103.953 Thread 0x00007faaf9019000 2737   !   3       jogamp.nativewindow.jawt.macosx.MacOSXJAWTWindow$6::run (216 bytes)
Event: 103.958 Thread 0x00007faaf9019000 nmethod 2737 0x000000010c799450 code [0x000000010c799860, 0x000000010c79bdc8]
Event: 103.959 Thread 0x00007faaf9019000 2738       3       javax.media.nativewindow.DefaultGraphicsDevice::lock (10 bytes)
Event: 103.959 Thread 0x00007faaf9019000 nmethod 2738 0x000000010c690b90 code [0x000000010c690d00, 0x000000010c690f28]
Event: 103.966 Thread 0x00007faaf9019000 2739       1       java.awt.Component::getTreeLock (4 bytes)
Event: 103.967 Thread 0x00007faaf9019000 nmethod 2739 0x000000010c590e50 code [0x000000010c590fa0, 0x000000010c5910b0]
Event: 103.967 Thread 0x00007faaf9019000 2740       1       sun.java2d.SurfaceData::isValid (5 bytes)
Event: 103.968 Thread 0x00007faaf9019000 nmethod 2740 0x000000010c6908d0 code [0x000000010c690a20, 0x000000010c690b30]
Event: 103.968 Thread 0x00007faaf9019000 2741       3       sun.java2d.pipe.RenderBuffer::putInt (26 bytes)
Event: 103.968 Thread 0x00007faaf9019000 nmethod 2741 0x000000010c690550 code [0x000000010c6906c0, 0x000000010c690830]

GC Heap History (10 events):
Event: 89.469 GC heap before
{Heap before GC invocations=49 (full 2):
 PSYoungGen      total 310784K, used 289376K [0x00000007aab00000, 0x00000007bf280000, 0x00000007c0000000)
  eden space 289280K, 100% used [0x00000007aab00000,0x00000007bc580000,0x00000007bc580000)
  from space 21504K, 0% used [0x00000007bdd80000,0x00000007bdd98000,0x00000007bf280000)
  to   space 23040K, 0% used [0x00000007bc580000,0x00000007bc580000,0x00000007bdc00000)
 ParOldGen       total 119808K, used 73080K [0x0000000780000000, 0x0000000787500000, 0x00000007aab00000)
  object space 119808K, 60% used [0x0000000780000000,0x000000078475e178,0x0000000787500000)
 Metaspace       used 19418K, capacity 19655K, committed 19968K, reserved 1067008K
  class space    used 1878K, capacity 1982K, committed 2048K, reserved 1048576K
Event: 89.470 GC heap after
Heap after GC invocations=49 (full 2):
 PSYoungGen      total 312320K, used 64K [0x00000007aab00000, 0x00000007bf200000, 0x00000007c0000000)
  eden space 289280K, 0% used [0x00000007aab00000,0x00000007aab00000,0x00000007bc580000)
  from space 23040K, 0% used [0x00000007bc580000,0x00000007bc590000,0x00000007bdc00000)
  to   space 22016K, 0% used [0x00000007bdc80000,0x00000007bdc80000,0x00000007bf200000)
 ParOldGen       total 119808K, used 73080K [0x0000000780000000, 0x0000000787500000, 0x00000007aab00000)
  object space 119808K, 60% used [0x0000000780000000,0x000000078475e178,0x0000000787500000)
 Metaspace       used 19418K, capacity 19655K, committed 19968K, reserved 1067008K
  class space    used 1878K, capacity 1982K, committed 2048K, reserved 1048576K
}
Event: 92.276 GC heap before
{Heap before GC invocations=50 (full 2):
 PSYoungGen      total 312320K, used 289344K [0x00000007aab00000, 0x00000007bf200000, 0x00000007c0000000)
  eden space 289280K, 100% used [0x00000007aab00000,0x00000007bc580000,0x00000007bc580000)
  from space 23040K, 0% used [0x00000007bc580000,0x00000007bc590000,0x00000007bdc00000)
  to   space 22016K, 0% used [0x00000007bdc80000,0x00000007bdc80000,0x00000007bf200000)
 ParOldGen       total 119808K, used 73080K [0x0000000780000000, 0x0000000787500000, 0x00000007aab00000)
  object space 119808K, 60% used [0x0000000780000000,0x000000078475e178,0x0000000787500000)
 Metaspace       used 19419K, capacity 19655K, committed 19968K, reserved 1067008K
  class space    used 1878K, capacity 1982K, committed 2048K, reserved 1048576K
Event: 92.278 GC heap after
Heap after GC invocations=50 (full 2):
 PSYoungGen      total 309760K, used 64K [0x00000007aab00000, 0x00000007bef00000, 0x00000007c0000000)
  eden space 290816K, 0% used [0x00000007aab00000,0x00000007aab00000,0x00000007bc700000)
  from space 18944K, 0% used [0x00000007bdc80000,0x00000007bdc90000,0x00000007bef00000)
  to   space 20480K, 0% used [0x00000007bc700000,0x00000007bc700000,0x00000007bdb00000)
 ParOldGen       total 119808K, used 73080K [0x0000000780000000, 0x0000000787500000, 0x00000007aab00000)
  object space 119808K, 60% used [0x0000000780000000,0x000000078475e178,0x0000000787500000)
 Metaspace       used 19419K, capacity 19655K, committed 19968K, reserved 1067008K
  class space    used 1878K, capacity 1982K, committed 2048K, reserved 1048576K
}
Event: 95.062 GC heap before
{Heap before GC invocations=51 (full 2):
 PSYoungGen      total 309760K, used 290880K [0x00000007aab00000, 0x00000007bef00000, 0x00000007c0000000)
  eden space 290816K, 100% used [0x00000007aab00000,0x00000007bc700000,0x00000007bc700000)
  from space 18944K, 0% used [0x00000007bdc80000,0x00000007bdc90000,0x00000007bef00000)
  to   space 20480K, 0% used [0x00000007bc700000,0x00000007bc700000,0x00000007bdb00000)
 ParOldGen       total 119808K, used 73080K [0x0000000780000000, 0x0000000787500000, 0x00000007aab00000)
  object space 119808K, 60% used [0x0000000780000000,0x000000078475e178,0x0000000787500000)
 Metaspace       used 19419K, capacity 19655K, committed 19968K, reserved 1067008K
  class space    used 1878K, capacity 1982K, committed 2048K, reserved 1048576K
Event: 95.063 GC heap after
Heap after GC invocations=51 (full 2):
 PSYoungGen      total 311296K, used 96K [0x00000007aab00000, 0x00000007bee80000, 0x00000007c0000000)
  eden space 290816K, 0% used [0x00000007aab00000,0x00000007aab00000,0x00000007bc700000)
  from space 20480K, 0% used [0x00000007bc700000,0x00000007bc718000,0x00000007bdb00000)
  to   space 19456K, 0% used [0x00000007bdb80000,0x00000007bdb80000,0x00000007bee80000)
 ParOldGen       total 119808K, used 73088K [0x0000000780000000, 0x0000000787500000, 0x00000007aab00000)
  object space 119808K, 61% used [0x0000000780000000,0x0000000784760178,0x0000000787500000)
 Metaspace       used 19419K, capacity 19655K, committed 19968K, reserved 1067008K
  class space    used 1878K, capacity 1982K, committed 2048K, reserved 1048576K
}
Event: 97.941 GC heap before
{Heap before GC invocations=52 (full 2):
 PSYoungGen      total 311296K, used 290912K [0x00000007aab00000, 0x00000007bee80000, 0x00000007c0000000)
  eden space 290816K, 100% used [0x00000007aab00000,0x00000007bc700000,0x00000007bc700000)
  from space 20480K, 0% used [0x00000007bc700000,0x00000007bc718000,0x00000007bdb00000)
  to   space 19456K, 0% used [0x00000007bdb80000,0x00000007bdb80000,0x00000007bee80000)
 ParOldGen       total 119808K, used 73088K [0x0000000780000000, 0x0000000787500000, 0x00000007aab00000)
  object space 119808K, 61% used [0x0000000780000000,0x0000000784760178,0x0000000787500000)
 Metaspace       used 19419K, capacity 19655K, committed 19968K, reserved 1067008K
  class space    used 1878K, capacity 1982K, committed 2048K, reserved 1048576K
Event: 97.942 GC heap after
Heap after GC invocations=52 (full 2):
 PSYoungGen      total 309760K, used 64K [0x00000007aab00000, 0x00000007bec80000, 0x00000007c0000000)
  eden space 292352K, 0% used [0x00000007aab00000,0x00000007aab00000,0x00000007bc880000)
  from space 17408K, 0% used [0x00000007bdb80000,0x00000007bdb90000,0x00000007bec80000)
  to   space 18432K, 0% used [0x00000007bc880000,0x00000007bc880000,0x00000007bda80000)
 ParOldGen       total 119808K, used 73104K [0x0000000780000000, 0x0000000787500000, 0x00000007aab00000)
  object space 119808K, 61% used [0x0000000780000000,0x0000000784764178,0x0000000787500000)
 Metaspace       used 19419K, capacity 19655K, committed 19968K, reserved 1067008K
  class space    used 1878K, capacity 1982K, committed 2048K, reserved 1048576K
}
Event: 101.415 GC heap before
{Heap before GC invocations=53 (full 2):
 PSYoungGen      total 309760K, used 292416K [0x00000007aab00000, 0x00000007bec80000, 0x00000007c0000000)
  eden space 292352K, 100% used [0x00000007aab00000,0x00000007bc880000,0x00000007bc880000)
  from space 17408K, 0% used [0x00000007bdb80000,0x00000007bdb90000,0x00000007bec80000)
  to   space 18432K, 0% used [0x00000007bc880000,0x00000007bc880000,0x00000007bda80000)
 ParOldGen       total 119808K, used 73104K [0x0000000780000000, 0x0000000787500000, 0x00000007aab00000)
  object space 119808K, 61% used [0x0000000780000000,0x0000000784764178,0x0000000787500000)
 Metaspace       used 19419K, capacity 19655K, committed 19968K, reserved 1067008K
  class space    used 1878K, capacity 1982K, committed 2048K, reserved 1048576K
Event: 101.416 GC heap after
Heap after GC invocations=53 (full 2):
 PSYoungGen      total 310784K, used 128K [0x00000007aab00000, 0x00000007bec00000, 0x00000007c0000000)
  eden space 292352K, 0% used [0x00000007aab00000,0x00000007aab00000,0x00000007bc880000)
  from space 18432K, 0% used [0x00000007bc880000,0x00000007bc8a0000,0x00000007bda80000)
  to   space 17408K, 0% used [0x00000007bdb00000,0x00000007bdb00000,0x00000007bec00000)
 ParOldGen       total 119808K, used 73136K [0x0000000780000000, 0x0000000787500000, 0x00000007aab00000)
  object space 119808K, 61% used [0x0000000780000000,0x000000078476c178,0x0000000787500000)
 Metaspace       used 19419K, capacity 19655K, committed 19968K, reserved 1067008K
  class space    used 1878K, capacity 1982K, committed 2048K, reserved 1048576K
}

Deoptimization events (10 events):
Event: 18.451 Thread 0x00007faaf9a08000 Uncommon trap: reason=unstable_if action=reinterpret pc=0x000000010c818960 method=module6.AirportMap.mouseMoved()V @ 78
Event: 18.823 Thread 0x00007faaf9a08000 Uncommon trap: reason=unstable_if action=reinterpret pc=0x000000010c6a9d50 method=de.fhpotsdam.unfolding.marker.SimplePointMarker.isInside(FFFF)Z @ 31
Event: 18.824 Thread 0x00007faaf9a08000 Uncommon trap: reason=unstable_if action=reinterpret pc=0x000000010c81d40c method=module6.AirportMap.mouseMoved()V @ 78
Event: 20.211 Thread 0x00007faaf9a08000 Uncommon trap: reason=unstable_if action=reinterpret pc=0x000000010c6090c8 method=module6.AirportMarker.drawMarker(Lprocessing/core/PGraphics;FF)V @ 4
Event: 27.293 Thread 0x00007faaf9a08000 Uncommon trap: reason=class_check action=maybe_recompile pc=0x000000010c5fbfd0 method=java.util.Arrays.copyOf([Ljava/lang/Object;ILjava/lang/Class;)[Ljava/lang/Object; @ 24
Event: 27.294 Thread 0x00007faaf9a08000 Uncommon trap: reason=class_check action=maybe_recompile pc=0x000000010c5fbfd0 method=java.util.Arrays.copyOf([Ljava/lang/Object;ILjava/lang/Class;)[Ljava/lang/Object; @ 24
Event: 103.681 Thread 0x00007faaf9a08000 Uncommon trap: reason=unstable_if action=reinterpret pc=0x000000010c62df28 method=com.jogamp.common.util.VersionNumber.compareTo(Lcom/jogamp/common/util/VersionNumber;)I @ 21
Event: 103.932 Thread 0x00007faafa24e800 Uncommon trap: reason=unstable_if action=reinterpret pc=0x000000010c5e8cf0 method=java.util.HashMap.putVal(ILjava/lang/Object;Ljava/lang/Object;ZZ)Ljava/lang/Object; @ 81
Event: 103.933 Thread 0x00007faafa24e800 Uncommon trap: reason=unstable_if action=reinterpret pc=0x000000010c5908e4 method=java.util.HashMap.putVal(ILjava/lang/Object;Ljava/lang/Object;ZZ)Ljava/lang/Object; @ 81
Event: 103.966 Thread 0x00007faaf9a08000 Uncommon trap: reason=unstable_if action=reinterpret pc=0x000000010c859868 method=java.security.AccessControlContext.optimize()Ljava/security/AccessControlContext; @ 233

Internal exceptions (10 events):
Event: 0.217 Thread 0x00007faaf980d800 Exception <a 'java/lang/NoSuchFieldError': method resolution failed> (0x00000007aad052c8) thrown at [/Users/java_re/workspace/8-2-build-macosx-x86_64/jdk8u65/4987/hotspot/src/share/vm/prims/methodHandles.cpp, line 1146]
Event: 0.219 Thread 0x00007faaf980d800 Exception <a 'java/lang/NoSuchFieldError': method resolution failed> (0x00000007aad12a98) thrown at [/Users/java_re/workspace/8-2-build-macosx-x86_64/jdk8u65/4987/hotspot/src/share/vm/prims/methodHandles.cpp, line 1146]
Event: 0.618 Thread 0x00007faaf980d800 Exception <a 'java/io/FileNotFoundException'> (0x00000007aad8ec40) thrown at [/Users/java_re/workspace/8-2-build-macosx-x86_64/jdk8u65/4987/hotspot/src/share/vm/prims/jni.cpp, line 709]
Event: 0.618 Thread 0x00007faaf980d800 Exception <a 'java/io/FileNotFoundException'> (0x00000007aad8f7a8) thrown at [/Users/java_re/workspace/8-2-build-macosx-x86_64/jdk8u65/4987/hotspot/src/share/vm/prims/jni.cpp, line 709]
Event: 0.743 Thread 0x00007faaf980d800 Exception <a 'java/io/FileNotFoundException'> (0x00000007aae796a0) thrown at [/Users/java_re/workspace/8-2-build-macosx-x86_64/jdk8u65/4987/hotspot/src/share/vm/prims/jni.cpp, line 709]
Event: 3.072 Thread 0x00007faafa816800 Exception <a 'java/lang/NullPointerException'> (0x00000007aab8ca70) thrown at [/Users/java_re/workspace/8-2-build-macosx-x86_64/jdk8u65/4987/hotspot/src/share/vm/interpreter/linkResolver.cpp, line 1178]
Event: 3.170 Thread 0x00007faafa379800 Exception <a 'java/lang/UnsatisfiedLinkError': com.jogamp.common.util.JarUtil.fixNativeLibAttribs(Ljava/lang/String;)Z> (0x00000007aaf18138) thrown at [/Users/java_re/workspace/8-2-build-macosx-x86_64/jdk8u65/4987/hotspot/src/share/vm/prims/nativeLookup.c
Event: 4.255 Thread 0x00007faaf9a08000 Exception <a 'java/io/FileNotFoundException'> (0x00000007ab159018) thrown at [/Users/java_re/workspace/8-2-build-macosx-x86_64/jdk8u65/4987/hotspot/src/share/vm/prims/jni.cpp, line 709]
Event: 4.255 Thread 0x00007faaf9a08000 Exception <a 'java/io/FileNotFoundException'> (0x00000007ab15f908) thrown at [/Users/java_re/workspace/8-2-build-macosx-x86_64/jdk8u65/4987/hotspot/src/share/vm/prims/jni.cpp, line 709]
Event: 4.256 Thread 0x00007faaf9a08000 Implicit null exception at 0x000000010c310375 to 0x000000010c310701

Events (10 events):
Event: 103.966 Thread 0x00007faaf9a08000 DEOPT UNPACKING pc=0x000000010c16f229 sp=0x0000000187aac760 mode 2
Event: 103.966 loading class java/awt/LightweightDispatcher$2
Event: 103.966 loading class java/awt/LightweightDispatcher$2 done
Event: 103.966 loading class java/awt/event/AWTEventListenerProxy
Event: 103.966 loading class java/awt/event/AWTEventListenerProxy done
Event: 103.966 loading class java/awt/Toolkit$ToolkitEventMulticaster
Event: 103.966 loading class java/awt/Toolkit$ToolkitEventMulticaster done
Event: 103.967 Thread 0x00007faafa24e800 Thread exited: 0x00007faafa24e800
Event: 103.967 loading class java/awt/Window$1DisposeAction
Event: 103.967 loading class java/awt/Window$1DisposeAction done


Dynamic libraries:
0x0000000003439000 	/System/Library/Frameworks/Cocoa.framework/Versions/A/Cocoa
0x0000000003439000 	/System/Library/Frameworks/Security.framework/Versions/A/Security
0x0000000003439000 	/System/Library/Frameworks/ApplicationServices.framework/Versions/A/ApplicationServices
0x0000000003439000 	/usr/lib/libz.1.dylib
0x0000000003439000 	/usr/lib/libSystem.B.dylib
0x0000000003439000 	/usr/lib/libobjc.A.dylib
0x0000000003439000 	/System/Library/Frameworks/CoreFoundation.framework/Versions/A/CoreFoundation
0x0000000003439000 	/System/Library/Frameworks/Foundation.framework/Versions/C/Foundation
0x0000000003439000 	/System/Library/Frameworks/AppKit.framework/Versions/C/AppKit
0x0000000003439000 	/System/Library/Frameworks/CoreData.framework/Versions/A/CoreData
0x0000000003439000 	/System/Library/PrivateFrameworks/RemoteViewServices.framework/Versions/A/RemoteViewServices
0x0000000003439000 	/System/Library/PrivateFrameworks/UIFoundation.framework/Versions/A/UIFoundation
0x0000000003439000 	/System/Library/Frameworks/IOSurface.framework/Versions/A/IOSurface
0x0000000003439000 	/System/Library/Frameworks/AudioToolbox.framework/Versions/A/AudioToolbox
0x0000000003439000 	/System/Library/Frameworks/AudioUnit.framework/Versions/A/AudioUnit
0x0000000003439000 	/System/Library/PrivateFrameworks/DataDetectorsCore.framework/Versions/A/DataDetectorsCore
0x0000000003439000 	/System/Library/PrivateFrameworks/DesktopServicesPriv.framework/Versions/A/DesktopServicesPriv
0x0000000003439000 	/System/Library/Frameworks/Carbon.framework/Versions/A/Frameworks/HIToolbox.framework/Versions/A/HIToolbox
0x0000000003439000 	/System/Library/Frameworks/QuartzCore.framework/Versions/A/QuartzCore
0x0000000003439000 	/System/Library/Frameworks/Carbon.framework/Versions/A/Frameworks/SpeechRecognition.framework/Versions/A/SpeechRecognition
0x0000000003439000 	/usr/lib/libauto.dylib
0x0000000003439000 	/usr/lib/libicucore.A.dylib
0x0000000003439000 	/usr/lib/libxml2.2.dylib
0x0000000003439000 	/System/Library/PrivateFrameworks/CoreUI.framework/Versions/A/CoreUI
0x0000000003439000 	/System/Library/Frameworks/CoreAudio.framework/Versions/A/CoreAudio
0x0000000003439000 	/System/Library/Frameworks/DiskArbitration.framework/Versions/A/DiskArbitration
0x0000000003439000 	/usr/lib/liblangid.dylib
0x0000000003439000 	/System/Library/PrivateFrameworks/MultitouchSupport.framework/Versions/A/MultitouchSupport
0x0000000003439000 	/System/Library/Frameworks/IOKit.framework/Versions/A/IOKit
0x0000000003439000 	/usr/lib/libDiagnosticMessagesClient.dylib
0x0000000003439000 	/System/Library/Frameworks/CoreServices.framework/Versions/A/CoreServices
0x0000000003439000 	/System/Library/PrivateFrameworks/PerformanceAnalysis.framework/Versions/A/PerformanceAnalysis
0x0000000003439000 	/System/Library/PrivateFrameworks/GenerationalStorage.framework/Versions/A/GenerationalStorage
0x0000000003439000 	/System/Library/Frameworks/OpenGL.framework/Versions/A/OpenGL
0x0000000003439000 	/System/Library/PrivateFrameworks/Sharing.framework/Versions/A/Sharing
0x0000000003439000 	/System/Library/Frameworks/CoreGraphics.framework/Versions/A/CoreGraphics
0x0000000003439000 	/System/Library/Frameworks/CoreText.framework/Versions/A/CoreText
0x0000000003439000 	/System/Library/Frameworks/ImageIO.framework/Versions/A/ImageIO
0x0000000003439000 	/usr/lib/libextension.dylib
0x0000000003439000 	/System/Library/PrivateFrameworks/Backup.framework/Versions/A/Backup
0x0000000003439000 	/usr/lib/libarchive.2.dylib
0x0000000003439000 	/System/Library/Frameworks/CFNetwork.framework/Versions/A/CFNetwork
0x0000000003439000 	/System/Library/Frameworks/SystemConfiguration.framework/Versions/A/SystemConfiguration
0x0000000003439000 	/usr/lib/libCRFSuite.dylib
0x0000000003439000 	/usr/lib/libc++.1.dylib
0x0000000003439000 	/usr/lib/libc++abi.dylib
0x0000000003439000 	/usr/lib/system/libcache.dylib
0x0000000003439000 	/usr/lib/system/libcommonCrypto.dylib
0x0000000003439000 	/usr/lib/system/libcompiler_rt.dylib
0x0000000003439000 	/usr/lib/system/libcopyfile.dylib
0x0000000003439000 	/usr/lib/system/libcorecrypto.dylib
0x0000000003439000 	/usr/lib/system/libdispatch.dylib
0x0000000003439000 	/usr/lib/system/libdyld.dylib
0x0000000003439000 	/usr/lib/system/libkeymgr.dylib
0x0000000003439000 	/usr/lib/system/liblaunch.dylib
0x0000000003439000 	/usr/lib/system/libmacho.dylib
0x0000000003439000 	/usr/lib/system/libquarantine.dylib
0x0000000003439000 	/usr/lib/system/libremovefile.dylib
0x0000000003439000 	/usr/lib/system/libsystem_asl.dylib
0x0000000003439000 	/usr/lib/system/libsystem_blocks.dylib
0x0000000003439000 	/usr/lib/system/libsystem_c.dylib
0x0000000003439000 	/usr/lib/system/libsystem_configuration.dylib
0x0000000003439000 	/usr/lib/system/libsystem_coreservices.dylib
0x0000000003439000 	/usr/lib/system/libsystem_coretls.dylib
0x0000000003439000 	/usr/lib/system/libsystem_dnssd.dylib
0x0000000003439000 	/usr/lib/system/libsystem_info.dylib
0x0000000003439000 	/usr/lib/system/libsystem_kernel.dylib
0x0000000003439000 	/usr/lib/system/libsystem_m.dylib
0x0000000003439000 	/usr/lib/system/libsystem_malloc.dylib
0x0000000003439000 	/usr/lib/system/libsystem_network.dylib
0x0000000003439000 	/usr/lib/system/libsystem_networkextension.dylib
0x0000000003439000 	/usr/lib/system/libsystem_notify.dylib
0x0000000003439000 	/usr/lib/system/libsystem_platform.dylib
0x0000000003439000 	/usr/lib/system/libsystem_pthread.dylib
0x0000000003439000 	/usr/lib/system/libsystem_sandbox.dylib
0x0000000003439000 	/usr/lib/system/libsystem_secinit.dylib
0x0000000003439000 	/usr/lib/system/libsystem_stats.dylib
0x0000000003439000 	/usr/lib/system/libsystem_trace.dylib
0x0000000003439000 	/usr/lib/system/libunc.dylib
0x0000000003439000 	/usr/lib/system/libunwind.dylib
0x0000000003439000 	/usr/lib/system/libxpc.dylib
0x0000000003439000 	/usr/lib/libbz2.1.0.dylib
0x0000000003439000 	/usr/lib/liblzma.5.dylib
0x0000000003439000 	/usr/lib/libbsm.0.dylib
0x0000000003439000 	/usr/lib/libsqlite3.dylib
0x0000000003439000 	/usr/lib/system/libkxld.dylib
0x0000000003439000 	/usr/lib/libxar.1.dylib
0x0000000003439000 	/usr/lib/libpam.2.dylib
0x0000000003439000 	/usr/lib/libOpenScriptingUtil.dylib
0x0000000003439000 	/System/Library/Frameworks/CoreServices.framework/Versions/A/Frameworks/FSEvents.framework/Versions/A/FSEvents
0x0000000003439000 	/System/Library/Frameworks/CoreServices.framework/Versions/A/Frameworks/CarbonCore.framework/Versions/A/CarbonCore
0x0000000003439000 	/System/Library/Frameworks/CoreServices.framework/Versions/A/Frameworks/Metadata.framework/Versions/A/Metadata
0x0000000003439000 	/System/Library/Frameworks/CoreServices.framework/Versions/A/Frameworks/OSServices.framework/Versions/A/OSServices
0x0000000003439000 	/System/Library/Frameworks/CoreServices.framework/Versions/A/Frameworks/SearchKit.framework/Versions/A/SearchKit
0x0000000003439000 	/System/Library/Frameworks/CoreServices.framework/Versions/A/Frameworks/AE.framework/Versions/A/AE
0x0000000003439000 	/System/Library/Frameworks/CoreServices.framework/Versions/A/Frameworks/LaunchServices.framework/Versions/A/LaunchServices
0x0000000003439000 	/System/Library/Frameworks/CoreServices.framework/Versions/A/Frameworks/DictionaryServices.framework/Versions/A/DictionaryServices
0x0000000003439000 	/System/Library/Frameworks/NetFS.framework/Versions/A/NetFS
0x0000000003439000 	/System/Library/PrivateFrameworks/NetAuth.framework/Versions/A/NetAuth
0x0000000003439000 	/System/Library/PrivateFrameworks/login.framework/Versions/A/Frameworks/loginsupport.framework/Versions/A/loginsupport
0x0000000003439000 	/System/Library/PrivateFrameworks/TCC.framework/Versions/A/TCC
0x0000000003439000 	/usr/lib/libmecabra.dylib
0x0000000003439000 	/System/Library/Frameworks/ApplicationServices.framework/Versions/A/Frameworks/ATS.framework/Versions/A/ATS
0x0000000003439000 	/System/Library/Frameworks/ApplicationServices.framework/Versions/A/Frameworks/ColorSync.framework/Versions/A/ColorSync
0x0000000003439000 	/System/Library/Frameworks/ApplicationServices.framework/Versions/A/Frameworks/HIServices.framework/Versions/A/HIServices
0x0000000003439000 	/System/Library/Frameworks/ApplicationServices.framework/Versions/A/Frameworks/LangAnalysis.framework/Versions/A/LangAnalysis
0x0000000003439000 	/System/Library/Frameworks/ApplicationServices.framework/Versions/A/Frameworks/PrintCore.framework/Versions/A/PrintCore
0x0000000003439000 	/System/Library/Frameworks/ApplicationServices.framework/Versions/A/Frameworks/QD.framework/Versions/A/QD
0x0000000003439000 	/System/Library/Frameworks/ApplicationServices.framework/Versions/A/Frameworks/SpeechSynthesis.framework/Versions/A/SpeechSynthesis
0x0000000003439000 	/System/Library/Frameworks/Accelerate.framework/Versions/A/Accelerate
0x0000000003439000 	/System/Library/Frameworks/Accelerate.framework/Versions/A/Frameworks/vImage.framework/Versions/A/vImage
0x0000000003439000 	/System/Library/Frameworks/Accelerate.framework/Versions/A/Frameworks/vecLib.framework/Versions/A/vecLib
0x0000000003439000 	/System/Library/Frameworks/Accelerate.framework/Versions/A/Frameworks/vecLib.framework/Versions/A/libvDSP.dylib
0x0000000003439000 	/System/Library/Frameworks/Accelerate.framework/Versions/A/Frameworks/vecLib.framework/Versions/A/libvMisc.dylib
0x0000000003439000 	/System/Library/Frameworks/Accelerate.framework/Versions/A/Frameworks/vecLib.framework/Versions/A/libLAPACK.dylib
0x0000000003439000 	/System/Library/Frameworks/Accelerate.framework/Versions/A/Frameworks/vecLib.framework/Versions/A/libBLAS.dylib
0x0000000003439000 	/System/Library/Frameworks/Accelerate.framework/Versions/A/Frameworks/vecLib.framework/Versions/A/libLinearAlgebra.dylib
0x0000000003439000 	/System/Library/Frameworks/ApplicationServices.framework/Versions/A/Frameworks/ATS.framework/Versions/A/Resources/libFontParser.dylib
0x0000000003439000 	/System/Library/Frameworks/ApplicationServices.framework/Versions/A/Frameworks/ATS.framework/Versions/A/Resources/libFontRegistry.dylib
0x0000000003439000 	/System/Library/PrivateFrameworks/AppleVPA.framework/Versions/A/AppleVPA
0x0000000003439000 	/System/Library/PrivateFrameworks/AppleJPEG.framework/Versions/A/AppleJPEG
0x0000000003439000 	/System/Library/Frameworks/ImageIO.framework/Versions/A/Resources/libJPEG.dylib
0x0000000003439000 	/System/Library/Frameworks/ImageIO.framework/Versions/A/Resources/libTIFF.dylib
0x0000000003439000 	/System/Library/Frameworks/ImageIO.framework/Versions/A/Resources/libPng.dylib
0x0000000003439000 	/System/Library/Frameworks/ImageIO.framework/Versions/A/Resources/libGIF.dylib
0x0000000003439000 	/System/Library/Frameworks/ImageIO.framework/Versions/A/Resources/libJP2.dylib
0x0000000003439000 	/System/Library/Frameworks/ImageIO.framework/Versions/A/Resources/libRadiance.dylib
0x0000000003439000 	/System/Library/Frameworks/CoreVideo.framework/Versions/A/CoreVideo
0x0000000003439000 	/System/Library/Frameworks/OpenGL.framework/Versions/A/Libraries/libGLU.dylib
0x0000000003439000 	/System/Library/Frameworks/OpenGL.framework/Versions/A/Libraries/libGFXShared.dylib
0x0000000003439000 	/System/Library/Frameworks/OpenGL.framework/Versions/A/Libraries/libGL.dylib
0x0000000003439000 	/System/Library/Frameworks/OpenGL.framework/Versions/A/Libraries/libGLImage.dylib
0x0000000003439000 	/System/Library/Frameworks/OpenGL.framework/Versions/A/Libraries/libCVMSPluginSupport.dylib
0x0000000003439000 	/System/Library/Frameworks/OpenGL.framework/Versions/A/Libraries/libCoreVMClient.dylib
0x0000000003439000 	/usr/lib/libcups.2.dylib
0x0000000003439000 	/System/Library/Frameworks/Kerberos.framework/Versions/A/Kerberos
0x0000000003439000 	/System/Library/Frameworks/GSS.framework/Versions/A/GSS
0x0000000003439000 	/usr/lib/libresolv.9.dylib
0x0000000003439000 	/usr/lib/libiconv.2.dylib
0x0000000003439000 	/System/Library/PrivateFrameworks/Heimdal.framework/Versions/A/Heimdal
0x0000000003439000 	/usr/lib/libheimdal-asn1.dylib
0x0000000003439000 	/System/Library/Frameworks/OpenDirectory.framework/Versions/A/OpenDirectory
0x0000000003439000 	/System/Library/PrivateFrameworks/CommonAuth.framework/Versions/A/CommonAuth
0x0000000003439000 	/System/Library/Frameworks/OpenDirectory.framework/Versions/A/Frameworks/CFOpenDirectory.framework/Versions/A/CFOpenDirectory
0x0000000003439000 	/System/Library/Frameworks/SecurityFoundation.framework/Versions/A/SecurityFoundation
0x0000000003439000 	/System/Library/PrivateFrameworks/LanguageModeling.framework/Versions/A/LanguageModeling
0x0000000003439000 	/usr/lib/libcmph.dylib
0x0000000003439000 	/System/Library/Frameworks/ServiceManagement.framework/Versions/A/ServiceManagement
0x0000000003439000 	/usr/lib/libxslt.1.dylib
0x0000000003439000 	/System/Library/Frameworks/Carbon.framework/Versions/A/Frameworks/Ink.framework/Versions/A/Ink
0x0000000003439000 	/System/Library/Frameworks/QuartzCore.framework/Versions/A/Frameworks/CoreImage.framework/Versions/A/CoreImage
0x0000000003439000 	/System/Library/PrivateFrameworks/CrashReporterSupport.framework/Versions/A/CrashReporterSupport
0x0000000003439000 	/System/Library/Frameworks/OpenCL.framework/Versions/A/OpenCL
0x0000000003439000 	/System/Library/PrivateFrameworks/FaceCore.framework/Versions/A/FaceCore
0x0000000003439000 	/System/Library/PrivateFrameworks/Ubiquity.framework/Versions/A/Ubiquity
0x0000000003439000 	/System/Library/PrivateFrameworks/IconServices.framework/Versions/A/IconServices
0x0000000003439000 	/System/Library/PrivateFrameworks/ChunkingLibrary.framework/Versions/A/ChunkingLibrary
0x0000000003439000 	/System/Library/PrivateFrameworks/Apple80211.framework/Versions/A/Apple80211
0x0000000003439000 	/System/Library/Frameworks/CoreWLAN.framework/Versions/A/CoreWLAN
0x0000000003439000 	/System/Library/Frameworks/IOBluetooth.framework/Versions/A/IOBluetooth
0x0000000003439000 	/System/Library/PrivateFrameworks/CoreWiFi.framework/Versions/A/CoreWiFi
0x0000000003439000 	/System/Library/Frameworks/CoreBluetooth.framework/Versions/A/CoreBluetooth
0x0000000003439000 	/System/Library/PrivateFrameworks/DebugSymbols.framework/Versions/A/DebugSymbols
0x0000000003439000 	/System/Library/PrivateFrameworks/CoreSymbolication.framework/Versions/A/CoreSymbolication
0x0000000003439000 	/System/Library/PrivateFrameworks/Symbolication.framework/Versions/A/Symbolication
0x0000000003439000 	/System/Library/PrivateFrameworks/SpeechRecognitionCore.framework/Versions/A/SpeechRecognitionCore
0x000000010a86c000 	/Library/Java/JavaVirtualMachines/jdk1.8.0_65.jdk/Contents/Home/jre/lib/server/libjvm.dylib
0x0000000003439000 	/usr/lib/libstdc++.6.dylib
0x000000010c116000 	/Library/Java/JavaVirtualMachines/jdk1.8.0_65.jdk/Contents/Home/jre/lib/libverify.dylib
0x000000010c124000 	/Library/Java/JavaVirtualMachines/jdk1.8.0_65.jdk/Contents/Home/jre/lib/libjava.dylib
0x000000010c161000 	/Library/Java/JavaVirtualMachines/jdk1.8.0_65.jdk/Contents/Home/jre/lib/libzip.dylib
0x000000011fc78000 	/System/Library/Frameworks/JavaVM.framework/Frameworks/JavaRuntimeSupport.framework/JavaRuntimeSupport
0x000000011fc8e000 	/System/Library/Frameworks/JavaVM.framework/Versions/A/Frameworks/JavaNativeFoundation.framework/Versions/A/JavaNativeFoundation
0x000000011fca2000 	/System/Library/Frameworks/JavaVM.framework/Versions/A/JavaVM
0x0000000003439000 	/System/Library/Frameworks/Carbon.framework/Versions/A/Carbon
0x000000011fcae000 	/System/Library/PrivateFrameworks/JavaLaunching.framework/Versions/A/JavaLaunching
0x0000000003439000 	/System/Library/Frameworks/Carbon.framework/Versions/A/Frameworks/CommonPanels.framework/Versions/A/CommonPanels
0x0000000003439000 	/System/Library/Frameworks/Carbon.framework/Versions/A/Frameworks/Help.framework/Versions/A/Help
0x0000000003439000 	/System/Library/Frameworks/Carbon.framework/Versions/A/Frameworks/ImageCapture.framework/Versions/A/ImageCapture
0x0000000003439000 	/System/Library/Frameworks/Carbon.framework/Versions/A/Frameworks/OpenScripting.framework/Versions/A/OpenScripting
0x0000000003439000 	/System/Library/Frameworks/Carbon.framework/Versions/A/Frameworks/Print.framework/Versions/A/Print
0x0000000003439000 	/System/Library/Frameworks/Carbon.framework/Versions/A/Frameworks/SecurityHI.framework/Versions/A/SecurityHI
0x0000000121ba5000 	/Library/Java/JavaVirtualMachines/jdk1.8.0_65.jdk/Contents/Home/jre/lib/libawt.dylib
0x0000000121c4d000 	/Library/Java/JavaVirtualMachines/jdk1.8.0_65.jdk/Contents/Home/jre/lib/./libmlib_image.dylib
0x0000000121d19000 	/Library/Java/JavaVirtualMachines/jdk1.8.0_65.jdk/Contents/Home/jre/lib/libawt_lwawt.dylib
0x0000000121dce000 	/Library/Java/JavaVirtualMachines/jdk1.8.0_65.jdk/Contents/Home/jre/lib/./libosxapp.dylib
0x0000000003439000 	/System/Library/Frameworks/ExceptionHandling.framework/Versions/A/ExceptionHandling
0x0000000003439000 	/System/Library/PrivateFrameworks/CoreServicesInternal.framework/Versions/A/CoreServicesInternal
0x0000000003439000 	/System/Library/PrivateFrameworks/CloudDocs.framework/Versions/A/CloudDocs
0x0000000003439000 	/System/Library/PrivateFrameworks/CoreDuet.framework/Versions/A/CoreDuet
0x0000000003439000 	/System/Library/Frameworks/CloudKit.framework/Versions/A/CloudKit
0x0000000003439000 	/System/Library/PrivateFrameworks/ProtocolBuffer.framework/Versions/A/ProtocolBuffer
0x0000000003439000 	/System/Library/PrivateFrameworks/CoreDuetDaemonProtocol.framework/Versions/A/CoreDuetDaemonProtocol
0x0000000003439000 	/System/Library/PrivateFrameworks/CoreDuetDebugLogging.framework/Versions/A/CoreDuetDebugLogging
0x0000000003439000 	/System/Library/PrivateFrameworks/MMCS.framework/Versions/A/MMCS
0x0000000003439000 	/System/Library/Frameworks/CoreLocation.framework/Versions/A/CoreLocation
0x0000000003439000 	/System/Library/PrivateFrameworks/ProtectedCloudStorage.framework/Versions/A/ProtectedCloudStorage
0x0000000003439000 	/System/Library/PrivateFrameworks/GeoServices.framework/Versions/A/GeoServices
0x0000000003439000 	/System/Library/Frameworks/CoreGraphics.framework/Versions/A/Resources/libCGCMS.A.dylib
0x0000000003439000 	/System/Library/Frameworks/CoreGraphics.framework/Versions/A/Resources/libRIP.A.dylib
0x0000000003439000 	/System/Library/Frameworks/CoreGraphics.framework/Versions/A/Resources/libCGXType.A.dylib
0x0000000003439000 	/System/Library/Frameworks/OpenCL.framework/Versions/A/Libraries/libcldcpuengine.dylib
0x0000000003439000 	/System/Library/PrivateFrameworks/DiskImages.framework/Versions/A/DiskImages
0x0000000003439000 	/System/Library/Frameworks/DiscRecording.framework/Versions/A/DiscRecording
0x0000000003439000 	/usr/lib/libcsfde.dylib
0x0000000003439000 	/usr/lib/libcurl.4.dylib
0x0000000003439000 	/System/Library/PrivateFrameworks/MediaKit.framework/Versions/A/MediaKit
0x0000000003439000 	/usr/lib/libCoreStorage.dylib
0x0000000003439000 	/System/Library/PrivateFrameworks/EFILogin.framework/Versions/A/EFILogin
0x0000000003439000 	/usr/lib/libutil.dylib
0x0000000003439000 	/System/Library/PrivateFrameworks/FindMyDevice.framework/Versions/A/FindMyDevice
0x0000000003439000 	/System/Library/Frameworks/LDAP.framework/Versions/A/LDAP
0x0000000003439000 	/usr/lib/libsasl2.2.dylib
0x0000000003439000 	/System/Library/PrivateFrameworks/CoreDaemon.framework/Versions/B/CoreDaemon
0x0000000003439000 	/usr/lib/libcrypto.0.9.8.dylib
0x0000000003439000 	/System/Library/PrivateFrameworks/AppleSRP.framework/Versions/A/AppleSRP
0x0000000003439000 	/System/Library/PrivateFrameworks/TrustEvaluationAgent.framework/Versions/A/TrustEvaluationAgent
0x0000000124b81000 	cl_kernels
0x0000000124b83000 	/System/Library/Frameworks/OpenCL.framework/Versions/A/Libraries/ImageFormats/unorm8_bgra.dylib
0x0000000124b72000 	cl_kernels
0x0000000003439000 	/System/Library/PrivateFrameworks/FamilyControls.framework/Versions/A/FamilyControls
0x0000000003439000 	/System/Library/PrivateFrameworks/CommerceKit.framework/Versions/A/Frameworks/CommerceCore.framework/Versions/A/CommerceCore
0x0000000003439000 	/System/Library/PrivateFrameworks/SystemAdministration.framework/Versions/A/SystemAdministration
0x0000000003439000 	/System/Library/PrivateFrameworks/AppContainer.framework/Versions/A/AppContainer
0x0000000003439000 	/System/Library/PrivateFrameworks/SecCodeWrapper.framework/Versions/A/SecCodeWrapper
0x0000000003439000 	/System/Library/Frameworks/DirectoryService.framework/Versions/A/DirectoryService
0x0000000003439000 	/System/Library/PrivateFrameworks/LoginUIKit.framework/Versions/A/Frameworks/LoginUICore.framework/Versions/A/LoginUICore
0x0000000003439000 	/usr/lib/libodfde.dylib
0x0000000003439000 	/System/Library/Frameworks/OpenGL.framework/Versions/A/Resources/GLEngine.bundle/GLEngine
0x0000000003439000 	/System/Library/Frameworks/OpenGL.framework/Versions/A/Libraries/libGLProgrammability.dylib
0x0000000125e6f000 	/System/Library/Extensions/AppleIntelHD5000GraphicsGLDriver.bundle/Contents/MacOS/AppleIntelHD5000GraphicsGLDriver
0x0000000003439000 	/System/Library/PrivateFrameworks/IOAccelerator.framework/Versions/A/IOAccelerator
0x0000000003439000 	/System/Library/PrivateFrameworks/GPUSupport.framework/Versions/A/Libraries/libGPUSupportMercury.dylib
0x0000000003439000 	/System/Library/Frameworks/OpenGL.framework/Versions/A/Resources/GLRendererFloat.bundle/GLRendererFloat
0x0000000126ee9000 	/Library/Java/JavaVirtualMachines/jdk1.8.0_65.jdk/Contents/Home/jre/lib/libfontmanager.dylib
0x000000012816c000 	/Library/Java/JavaVirtualMachines/jdk1.8.0_65.jdk/Contents/Home/jre/lib/libosxui.dylib
0x0000000128411000 	/Library/Java/JavaVirtualMachines/jdk1.8.0_65.jdk/Contents/Home/jre/lib/libnet.dylib
0x0000000128222000 	/Library/Java/JavaVirtualMachines/jdk1.8.0_65.jdk/Contents/Home/jre/lib/libnio.dylib
0x0000000003439000 	/System/Library/Frameworks/ApplicationServices.framework/Versions/A/Frameworks/ATS.framework/Versions/A/Resources/libTrueTypeScaler.dylib
0x0000000187329000 	/private/var/folders/bq/j_8mtpj905g4zm70gcmg0_c80000gn/T/jogamp_0000/file_cache/jln3241245963162575792/jln9135427927423828862/libgluegen-rt.jnilib
0x000000018732d000 	/private/var/folders/bq/j_8mtpj905g4zm70gcmg0_c80000gn/T/jogamp_0000/file_cache/jln3241245963162575792/jln9135427927423828862/libnativewindow_awt.jnilib
0x0000000187330000 	/Library/Java/JavaVirtualMachines/jdk1.8.0_65.jdk/Contents/Home/jre/lib/libjawt.dylib
0x0000000187333000 	/private/var/folders/bq/j_8mtpj905g4zm70gcmg0_c80000gn/T/jogamp_0000/file_cache/jln3241245963162575792/jln9135427927423828862/libnativewindow_macosx.jnilib
0x0000000188b9f000 	/private/var/folders/bq/j_8mtpj905g4zm70gcmg0_c80000gn/T/jogamp_0000/file_cache/jln3241245963162575792/jln9135427927423828862/libjogl_desktop.jnilib

VM Arguments:
jvm_args: -Djava.security.policy=java.policy.applet -Dfile.encoding=UTF-8 
java_command: sun.applet.AppletViewer module6.AirportMap1468701930595.html
java_class_path (initial): /Users/ryanjordan/Documents/EclipseWorkspace/UCSDUnfoldingMaps/build:/Users/ryanjordan/Documents/EclipseWorkspace/UCSDUnfoldingMaps/lib/core.jar:/Users/ryanjordan/Documents/EclipseWorkspace/UCSDUnfoldingMaps/lib/gluegen-rt.jar:/Users/ryanjordan/Documents/EclipseWorkspace/UCSDUnfoldingMaps/lib/jogl-all.jar:/Users/ryanjordan/Documents/EclipseWorkspace/UCSDUnfoldingMaps/lib/log4j-1.2.15.jar:/Users/ryanjordan/Documents/EclipseWorkspace/UCSDUnfoldingMaps/lib/sqlite-jdbc-3.7.2.jar:/Users/ryanjordan/Documents/EclipseWorkspace/UCSDUnfoldingMaps/lib/json4processing.jar:/Users/ryanjordan/Documents/EclipseWorkspace/UCSDUnfoldingMaps/lib/libTUIO.jar:/Users/ryanjordan/Documents/EclipseWorkspace/UCSDUnfoldingMaps/lib/unfolding.0.9.7-uscd.jar:/Users/ryanjordan/Documents/EclipseWorkspace/UCSDUnfoldingMaps/jgoodies-forms-1.8.0.jar
Launcher Type: SUN_STANDARD

Environment Variables:
PATH=/usr/bin:/bin:/usr/sbin:/sbin
SHELL=/bin/bash
DISPLAY=/private/tmp/com.apple.launchd.Ie6BNiHdOf/org.macosforge.xquartz:0

Signal Handlers:
SIGSEGV: [libjvm.dylib+0x5a6d31], sa_mask[0]=11111111011111110111111111111111, sa_flags=SA_ONSTACK|SA_RESTART|SA_SIGINFO
SIGBUS: [libjvm.dylib+0x5a6d31], sa_mask[0]=11111111011111110111111111111111, sa_flags=SA_RESTART|SA_SIGINFO
SIGFPE: [libjvm.dylib+0x480a40], sa_mask[0]=11111111011111110111111111111111, sa_flags=SA_RESTART|SA_SIGINFO
SIGPIPE: [libjvm.dylib+0x480a40], sa_mask[0]=11111111011111110111111111111111, sa_flags=SA_RESTART|SA_SIGINFO
SIGXFSZ: [libjvm.dylib+0x480a40], sa_mask[0]=11111111011111110111111111111111, sa_flags=SA_RESTART|SA_SIGINFO
SIGILL: [libjvm.dylib+0x480a40], sa_mask[0]=11111111011111110111111111111111, sa_flags=SA_RESTART|SA_SIGINFO
SIGUSR1: SIG_DFL, sa_mask[0]=00000000000000000000000000000000, sa_flags=none
SIGUSR2: [libjvm.dylib+0x48055e], sa_mask[0]=00100000000000000000000000000000, sa_flags=SA_RESTART|SA_SIGINFO
SIGHUP: [libjvm.dylib+0x47eb35], sa_mask[0]=11111111011111110111111111111111, sa_flags=SA_RESTART|SA_SIGINFO
SIGINT: [libjvm.dylib+0x47eb35], sa_mask[0]=11111111011111110111111111111111, sa_flags=SA_RESTART|SA_SIGINFO
SIGTERM: [libjvm.dylib+0x47eb35], sa_mask[0]=11111111011111110111111111111111, sa_flags=SA_RESTART|SA_SIGINFO
SIGQUIT: [libjvm.dylib+0x47eb35], sa_mask[0]=11111111011111110111111111111111, sa_flags=SA_RESTART|SA_SIGINFO


---------------  S Y S T E M  ---------------

OS:Bsduname:Darwin 14.5.0 Darwin Kernel Version 14.5.0: Thu Apr 21 20:40:54 PDT 2016; root:xnu-2782.50.3~1/RELEASE_X86_64 x86_64
rlimit: STACK 8192k, CORE 0k, NPROC 709, NOFILE 10240, AS infinity
load average:2.96 2.47 2.02

CPU:total 4 (2 cores per cpu, 2 threads per core) family 6 model 69 stepping 1, cmov, cx8, fxsr, mmx, sse, sse2, sse3, ssse3, sse4.1, sse4.2, popcnt, avx, avx2, aes, clmul, erms, lzcnt, ht, tsc, tscinvbit, bmi1, bmi2

Memory: 4k page, physical 4194304k(127464k free)

/proc/meminfo:


vm_info: Java HotSpot(TM) 64-Bit Server VM (25.65-b01) for bsd-amd64 JRE (1.8.0_65-b17), built on Oct  6 2015 15:36:46 by "java_re" with gcc 4.2.1 (Based on Apple Inc. build 5658) (LLVM build 2336.11.00)

time: Sat Jul 16 13:47:14 2016
elapsed time: 104 seconds (0d 0h 1m 44s)

