#
# A fatal error has been detected by the Java Runtime Environment:
#
#  SIGSEGV (0xb) at pc=0x00007fff8ac7e0dd, pid=13996, tid=1811
#
# JRE version: Java(TM) SE Runtime Environment (8.0_65-b17) (build 1.8.0_65-b17)
# Java VM: Java HotSpot(TM) 64-Bit Server VM (25.65-b01 mixed mode bsd-amd64 compressed oops)
# Problematic frame:
# C  [libobjc.A.dylib+0x10dd]  objc_msgSend+0x1d
#
# Failed to write core dump. Core dumps have been disabled. To enable core dumping, try "ulimit -c unlimited" before starting Java again
#
# If you would like to submit a bug report, please visit:
#   http://bugreport.java.com/bugreport/crash.jsp
# The crash happened outside the Java Virtual Machine in native code.
# See problematic frame for where to report the bug.
#

---------------  T H R E A D  ---------------

Current thread (0x00007fef538fa000):  JavaThread "AWT-AppKit" daemon [_thread_in_native, id=1811, stack(0x00007fff5a556000,0x00007fff5ad56000)]

siginfo: si_signo: 11 (SIGSEGV), si_code: 1 (SEGV_MAPERR), si_addr: 0x0000000000000018

Registers:
RAX=0x00007fef584c15b0, RBX=0x0000000181a6b450, RCX=0x0000000121792140, RDX=0x0000000121792e20
RSP=0x00007fff5ad514b8, RBP=0x00007fff5ad51570, RSI=0x00007fff85fe040f, RDI=0x00007fef58676e30
R8 =0x0000000000000000, R9 =0x0000000000000f50, R10=0x00007fff85fe040f, R11=0x0000000000000000
R12=0x0000000000000000, R13=0x000000018388bb90, R14=0x0000000181a6b440, R15=0x00007fef538fa000
RIP=0x00007fff8ac7e0dd, EFLAGS=0x0000000000010246, ERR=0x0000000000000004
  TRAPNO=0x000000000000000e

Top of Stack: (sp=0x00007fff5ad514b8)
0x00007fff5ad514b8:   0000000181a69157 00007fff5ad51510
0x00007fff5ad514c8:   0000000000000003 00007fff5ad514f0
0x00007fff5ad514d8:   000000010519a9a6 000000018388bb90
0x00007fff5ad514e8:   000000018388bb90 00007fef584c15b0
0x00007fff5ad514f8:   0000000181a6b6a0 0000000181a6b710
0x00007fff5ad51508:   00007fff73b12550 00007fff759bcc80
0x00007fff5ad51518:   0000000181a6b450 0000000181a6b690
0x00007fff5ad51528:   00007fef584c15b0 00007fef58676e30
0x00007fff5ad51538:   00007fef5357af40 00007fef584c15b0
0x00007fff5ad51548:   00007fef58676e30 00007fff5ad515f8
0x00007fff5ad51558:   00007fef538fa1f8 000000018388bb90
0x00007fff5ad51568:   00007fff5ad51620 00007fff5ad515e8
0x00007fff5ad51578:   0000000106918954 000000018388bb90
0x00007fff5ad51588:   00007fff5ad51620 00007fff5ad515e8
0x00007fff5ad51598:   00000001069186e7 00000001069186a2
0x00007fff5ad515a8:   00007fff5ad515a8 000000018388bb90
0x00007fff5ad515b8:   00007fff5ad51620 000000018388d340
0x00007fff5ad515c8:   0000000000000000 000000018388bb90
0x00007fff5ad515d8:   0000000000000000 00007fff5ad51608
0x00007fff5ad515e8:   00007fff5ad51668 000000010690ac4d
0x00007fff5ad515f8:   0000000780e95c40 0000000106912578
0x00007fff5ad51608:   00007fef584c15b0 00007fff5ad51668
0x00007fff5ad51618:   00007fef58676e30 0000000106913d82
0x00007fff5ad51628:   00007fff5ad51628 000000018388bd5a
0x00007fff5ad51638:   00007fff5ad51690 000000018388d340
0x00007fff5ad51648:   0000000000000000 000000018388bd68
0x00007fff5ad51658:   00007fff5ad51608 00007fff5ad51678
0x00007fff5ad51668:   00007fff5ad516d8 000000010690ac4d
0x00007fff5ad51678:   00007fef584c15b0 00000007804d5070
0x00007fff5ad51688:   00007fef58676e30 00000007804d5070
0x00007fff5ad51698:   00007fff5ad51698 000000018acd3cbe
0x00007fff5ad516a8:   00007fff5ad516e8 000000018acd3d78 

Instructions: (pc=0x00007fff8ac7e0dd)
0x00007fff8ac7e0bd:   00 00 00 48 85 ff 2e 74 7a 40 f6 c7 01 2e 75 7e
0x00007fff8ac7e0cd:   49 bb f8 ff ff ff ff 7f 00 00 4c 23 1f 49 89 f2
0x00007fff8ac7e0dd:   45 23 53 18 49 c1 e2 04 4d 03 53 10 49 3b 32 75
0x00007fff8ac7e0ed:   04 41 ff 62 08 49 83 3a 00 74 6a 4d 3b 53 10 74 

Register to memory mapping:

RAX=0x00007fef584c15b0 is an unknown value
RBX=0x0000000181a6b450: Java_jogamp_nativewindow_macosx_OSXUtil_GetScreenRefreshRate0+0x1cf0 in /private/var/folders/bq/j_8mtpj905g4zm70gcmg0_c80000gn/T/jogamp_0000/file_cache/jln4813908965103756719/jln6878395087179697874/libnativewindow_macosx.jnilib at 0x0000000181a64000
RCX=0x0000000121792140 is an unknown value
RDX=0x0000000121792e20 is an unknown value
RSP=0x00007fff5ad514b8 is pointing into the stack for thread: 0x00007fef538fa000
RBP=0x00007fff5ad51570 is pointing into the stack for thread: 0x00007fef538fa000
RSI=0x00007fff85fe040f is an unknown value
RDI=0x00007fef58676e30 is an unknown value
R8 =0x0000000000000000 is an unknown value
R9 =0x0000000000000f50 is an unknown value
R10=0x00007fff85fe040f is an unknown value
R11=0x0000000000000000 is an unknown value
R12=0x0000000000000000 is an unknown value
R13={method} {0x000000018388bb90} 'UnsetJAWTRootSurfaceLayer0' '(JJ)V' in 'jogamp/nativewindow/jawt/macosx/MacOSXJAWTWindow'
R14=0x0000000181a6b440: Java_jogamp_nativewindow_macosx_OSXUtil_GetScreenRefreshRate0+0x1ce0 in /private/var/folders/bq/j_8mtpj905g4zm70gcmg0_c80000gn/T/jogamp_0000/file_cache/jln4813908965103756719/jln6878395087179697874/libnativewindow_macosx.jnilib at 0x0000000181a64000
R15=0x00007fef538fa000 is a thread


Stack: [0x00007fff5a556000,0x00007fff5ad56000],  sp=0x00007fff5ad514b8,  free space=8173k
Native frames: (J=compiled Java code, j=interpreted, Vv=VM code, C=native code)
C  [libobjc.A.dylib+0x10dd]  objc_msgSend+0x1d
j  jogamp.nativewindow.jawt.macosx.MacOSXJAWTWindow.UnsetJAWTRootSurfaceLayer0(JJ)V+0
j  jogamp.nativewindow.jawt.macosx.MacOSXJAWTWindow.access$200(JJ)V+2
j  jogamp.nativewindow.jawt.macosx.MacOSXJAWTWindow$1.run()V+38
j  com.jogamp.common.util.RunnableTask.run()V+24
v  ~StubRoutines::call_stub
V  [libjvm.dylib+0x2eab02]  JavaCalls::call_helper(JavaValue*, methodHandle*, JavaCallArguments*, Thread*)+0x6ae
V  [libjvm.dylib+0x321bab]  jni_invoke_nonstatic(JNIEnv_*, JavaValue*, _jobject*, JNICallType, _jmethodID*, JNI_ArgumentPusher*, Thread*)+0x2ec
V  [libjvm.dylib+0x31437f]  jni_CallVoidMethod+0x16b
C  [libnativewindow_macosx.jnilib+0x5326]  Java_jogamp_nativewindow_jawt_macosx_MacOSXJAWTWindow_UnsetJAWTRootSurfaceLayer0+0x2b6
C  [Foundation+0x92dd0]  __NSThreadPerformPerform+0x125
C  [CoreFoundation+0x80a01]  __CFRUNLOOP_IS_CALLING_OUT_TO_A_SOURCE0_PERFORM_FUNCTION__+0x11
C  [CoreFoundation+0x72c5c]  __CFRunLoopDoSources0+0x1dc
C  [CoreFoundation+0x721bf]  __CFRunLoopRun+0x39f
C  [CoreFoundation+0x71bd8]  CFRunLoopRunSpecific+0x128
C  [HIToolbox+0x3256f]  RunCurrentEventLoopInMode+0xeb
C  [HIToolbox+0x321ee]  ReceiveNextEventCommon+0xb3
C  [HIToolbox+0x3212b]  _BlockUntilNextEventMatchingListInModeWithFilter+0x47
C  [AppKit+0x918ab]  _DPSNextEvent+0x3d2
C  [AppKit+0x90e58]  -[NSApplication nextEventMatchingMask:untilDate:inMode:dequeue:]+0x15a
C  [libosxapp.dylib+0x23aa]  -[NSApplicationAWT nextEventMatchingMask:untilDate:inMode:dequeue:]+0x7c
C  [AppKit+0x86af3]  -[NSApplication run]+0x252
C  [libosxapp.dylib+0x214d]  +[NSApplicationAWT runAWTLoopWithApp:]+0x9c
C  [libawt_lwawt.dylib+0x44517]  -[AWTStarter starter:]+0x389
C  [Foundation+0x92dd0]  __NSThreadPerformPerform+0x125
C  [CoreFoundation+0x80a01]  __CFRUNLOOP_IS_CALLING_OUT_TO_A_SOURCE0_PERFORM_FUNCTION__+0x11
C  [CoreFoundation+0x72b8d]  __CFRunLoopDoSources0+0x10d
C  [CoreFoundation+0x721bf]  __CFRunLoopRun+0x39f
C  [CoreFoundation+0x71bd8]  CFRunLoopRunSpecific+0x128
C  [java+0x6463]  CreateExecutionEnvironment+0x367
C  [java+0x21ac]  JLI_Launch+0x7a0
C  [java+0x84c0]  main+0x65
C  [java+0x1a04]  start+0x34
C  0x0000000000000007

Java frames: (J=compiled Java code, j=interpreted, Vv=VM code)
j  jogamp.nativewindow.jawt.macosx.MacOSXJAWTWindow.UnsetJAWTRootSurfaceLayer0(JJ)V+0
j  jogamp.nativewindow.jawt.macosx.MacOSXJAWTWindow.access$200(JJ)V+2
j  jogamp.nativewindow.jawt.macosx.MacOSXJAWTWindow$1.run()V+38
j  com.jogamp.common.util.RunnableTask.run()V+24
v  ~StubRoutines::call_stub

---------------  P R O C E S S  ---------------

Java Threads: ( => current thread )
  0x00007fef59118800 JavaThread "Thread-264" [_thread_blocked, id=59595, stack(0x00000001923c8000,0x00000001924c8000)]
  0x00007fef53b26000 JavaThread "AWT-EventQueue-1" [_thread_in_native, id=56871, stack(0x00000001820b4000,0x00000001821b4000)]
  0x00007fef5523c800 JavaThread "DestroyJavaVM" [_thread_blocked, id=4867, stack(0x0000000106801000,0x0000000106901000)]
  0x00007fef539bc000 JavaThread "AWT-EventQueue-0" [_thread_blocked, id=51723, stack(0x00000001227c6000,0x00000001228c6000)]
  0x00007fef5496c800 JavaThread "Java2D Disposer" daemon [_thread_blocked, id=50967, stack(0x0000000121524000,0x0000000121624000)]
  0x00007fef540c5000 JavaThread "Java2D Queue Flusher" daemon [_thread_blocked, id=49415, stack(0x00000001204aa000,0x00000001205aa000)]
  0x00007fef5486b800 JavaThread "AWT-Shutdown" [_thread_blocked, id=28435, stack(0x000000011db57000,0x000000011dc57000)]
=>0x00007fef538fa000 JavaThread "AWT-AppKit" daemon [_thread_in_native, id=1811, stack(0x00007fff5a556000,0x00007fff5ad56000)]
  0x00007fef53827000 JavaThread "Service Thread" daemon [_thread_blocked, id=17923, stack(0x000000011c058000,0x000000011c158000)]
  0x00007fef54859000 JavaThread "C1 CompilerThread2" daemon [_thread_blocked, id=17411, stack(0x000000011bf55000,0x000000011c055000)]
  0x00007fef54858000 JavaThread "C2 CompilerThread1" daemon [_thread_blocked, id=16899, stack(0x000000011be52000,0x000000011bf52000)]
  0x00007fef55010000 JavaThread "C2 CompilerThread0" daemon [_thread_blocked, id=16147, stack(0x000000011bd4f000,0x000000011be4f000)]
  0x00007fef53826000 JavaThread "Signal Dispatcher" daemon [_thread_blocked, id=12307, stack(0x000000011bc4c000,0x000000011bd4c000)]
  0x00007fef54845800 JavaThread "Finalizer" daemon [_thread_blocked, id=11523, stack(0x000000011a2b3000,0x000000011a3b3000)]
  0x00007fef54804000 JavaThread "Reference Handler" daemon [_thread_blocked, id=11011, stack(0x000000011a1b0000,0x000000011a2b0000)]

Other Threads:
  0x00007fef5500c000 VMThread [stack: 0x000000011a0ad000,0x000000011a1ad000] [id=10499]
  0x00007fef53825800 WatcherThread [stack: 0x000000011c15b000,0x000000011c25b000] [id=18435]

VM state:not at safepoint (normal execution)

VM Mutex/Monitor currently owned by a thread: None

Heap:
 PSYoungGen      total 22016K, used 12995K [0x00000007aab00000, 0x00000007ac200000, 0x00000007c0000000)
  eden space 20480K, 62% used [0x00000007aab00000,0x00000007ab798d38,0x00000007abf00000)
  from space 1536K, 6% used [0x00000007ac080000,0x00000007ac098000,0x00000007ac200000)
  to   space 1536K, 0% used [0x00000007abf00000,0x00000007abf00000,0x00000007ac080000)
 ParOldGen       total 112128K, used 81125K [0x0000000780000000, 0x0000000786d80000, 0x00000007aab00000)
  object space 112128K, 72% used [0x0000000780000000,0x0000000784f39638,0x0000000786d80000)
 Metaspace       used 21901K, capacity 22079K, committed 22320K, reserved 1069056K
  class space    used 2083K, capacity 2144K, committed 2176K, reserved 1048576K

Card table byte_map: [0x0000000115cc3000,0x0000000115ec4000] byte_map_base: 0x00000001120c3000

Marking Bits: (ParMarkBitMap*) 0x0000000105887e20
 Begin Bits: [0x0000000116426000, 0x0000000117426000)
 End Bits:   [0x0000000117426000, 0x0000000118426000)

Polling page: 0x0000000105f8c000

CodeCache: size=245760Kb used=10802Kb max_used=11126Kb free=234958Kb
 bounds [0x0000000106903000, 0x00000001073f3000, 0x0000000115903000]
 total_blobs=4026 nmethods=3128 adapters=811
 compilation: enabled

Compilation events (10 events):
Event: 815.754 Thread 0x00007fef54859000 3943       3       sun.awt.im.InputContext::dispatchEvent (173 bytes)
Event: 815.759 Thread 0x00007fef54859000 nmethod 3943 0x000000010724b4d0 code [0x000000010724b820, 0x000000010724db48]
Event: 816.507 Thread 0x00007fef54859000 3944   !   3       java.awt.EventQueue::setCurrentEventAndMostRecentTimeImpl (185 bytes)
Event: 816.509 Thread 0x00007fef54859000 nmethod 3944 0x0000000107076690 code [0x0000000107076940, 0x00000001070783f8]
Event: 817.043 Thread 0x00007fef54858000 3945       4       sun.java2d.SurfaceData::pixelFor (13 bytes)
Event: 817.045 Thread 0x00007fef54858000 nmethod 3945 0x000000010721bc10 code [0x000000010721bd60, 0x000000010721be58]
Event: 817.065 Thread 0x00007fef54859000 3946       1       sun.java2d.SurfaceData::isValid (5 bytes)
Event: 817.065 Thread 0x00007fef54859000 nmethod 3946 0x0000000107071850 code [0x00000001070719a0, 0x0000000107071ab0]
Event: 817.091 Thread 0x00007fef54859000 3947       3       processing.opengl.Texture::dispose (24 bytes)
Event: 817.092 Thread 0x00007fef54859000 nmethod 3947 0x000000010707e250 code [0x000000010707e460, 0x000000010707ef18]

GC Heap History (10 events):
Event: 808.688 GC heap before
{Heap before GC invocations=269 (full 3):
 PSYoungGen      total 22528K, used 20608K [0x00000007aab00000, 0x00000007ac300000, 0x00000007c0000000)
  eden space 20480K, 100% used [0x00000007aab00000,0x00000007abf00000,0x00000007abf00000)
  from space 2048K, 6% used [0x00000007abf00000,0x00000007abf20000,0x00000007ac100000)
  to   space 2048K, 0% used [0x00000007ac100000,0x00000007ac100000,0x00000007ac300000)
 ParOldGen       total 112128K, used 81101K [0x0000000780000000, 0x0000000786d80000, 0x00000007aab00000)
  object space 112128K, 72% used [0x0000000780000000,0x0000000784f33638,0x0000000786d80000)
 Metaspace       used 21866K, capacity 22079K, committed 22320K, reserved 1069056K
  class space    used 2075K, capacity 2144K, committed 2176K, reserved 1048576K
Event: 808.690 GC heap after
Heap after GC invocations=269 (full 3):
 PSYoungGen      total 22528K, used 128K [0x00000007aab00000, 0x00000007ac300000, 0x00000007c0000000)
  eden space 20480K, 0% used [0x00000007aab00000,0x00000007aab00000,0x00000007abf00000)
  from space 2048K, 6% used [0x00000007ac100000,0x00000007ac120000,0x00000007ac300000)
  to   space 2048K, 0% used [0x00000007abf00000,0x00000007abf00000,0x00000007ac100000)
 ParOldGen       total 112128K, used 81101K [0x0000000780000000, 0x0000000786d80000, 0x00000007aab00000)
  object space 112128K, 72% used [0x0000000780000000,0x0000000784f33638,0x0000000786d80000)
 Metaspace       used 21866K, capacity 22079K, committed 22320K, reserved 1069056K
  class space    used 2075K, capacity 2144K, committed 2176K, reserved 1048576K
}
Event: 810.407 GC heap before
{Heap before GC invocations=270 (full 3):
 PSYoungGen      total 22528K, used 20608K [0x00000007aab00000, 0x00000007ac300000, 0x00000007c0000000)
  eden space 20480K, 100% used [0x00000007aab00000,0x00000007abf00000,0x00000007abf00000)
  from space 2048K, 6% used [0x00000007ac100000,0x00000007ac120000,0x00000007ac300000)
  to   space 2048K, 0% used [0x00000007abf00000,0x00000007abf00000,0x00000007ac100000)
 ParOldGen       total 112128K, used 81101K [0x0000000780000000, 0x0000000786d80000, 0x00000007aab00000)
  object space 112128K, 72% used [0x0000000780000000,0x0000000784f33638,0x0000000786d80000)
 Metaspace       used 21866K, capacity 22079K, committed 22320K, reserved 1069056K
  class space    used 2075K, capacity 2144K, committed 2176K, reserved 1048576K
Event: 810.409 GC heap after
Heap after GC invocations=270 (full 3):
 PSYoungGen      total 22528K, used 128K [0x00000007aab00000, 0x00000007ac300000, 0x00000007c0000000)
  eden space 20480K, 0% used [0x00000007aab00000,0x00000007aab00000,0x00000007abf00000)
  from space 2048K, 6% used [0x00000007abf00000,0x00000007abf20000,0x00000007ac100000)
  to   space 2048K, 0% used [0x00000007ac100000,0x00000007ac100000,0x00000007ac300000)
 ParOldGen       total 112128K, used 81101K [0x0000000780000000, 0x0000000786d80000, 0x00000007aab00000)
  object space 112128K, 72% used [0x0000000780000000,0x0000000784f33638,0x0000000786d80000)
 Metaspace       used 21866K, capacity 22079K, committed 22320K, reserved 1069056K
  class space    used 2075K, capacity 2144K, committed 2176K, reserved 1048576K
}
Event: 812.094 GC heap before
{Heap before GC invocations=271 (full 3):
 PSYoungGen      total 22528K, used 20608K [0x00000007aab00000, 0x00000007ac300000, 0x00000007c0000000)
  eden space 20480K, 100% used [0x00000007aab00000,0x00000007abf00000,0x00000007abf00000)
  from space 2048K, 6% used [0x00000007abf00000,0x00000007abf20000,0x00000007ac100000)
  to   space 2048K, 0% used [0x00000007ac100000,0x00000007ac100000,0x00000007ac300000)
 ParOldGen       total 112128K, used 81101K [0x0000000780000000, 0x0000000786d80000, 0x00000007aab00000)
  object space 112128K, 72% used [0x0000000780000000,0x0000000784f33638,0x0000000786d80000)
 Metaspace       used 21866K, capacity 22079K, committed 22320K, reserved 1069056K
  class space    used 2075K, capacity 2144K, committed 2176K, reserved 1048576K
Event: 812.096 GC heap after
Heap after GC invocations=271 (full 3):
 PSYoungGen      total 21504K, used 128K [0x00000007aab00000, 0x00000007ac200000, 0x00000007c0000000)
  eden space 20480K, 0% used [0x00000007aab00000,0x00000007aab00000,0x00000007abf00000)
  from space 1024K, 12% used [0x00000007ac100000,0x00000007ac120000,0x00000007ac200000)
  to   space 1536K, 0% used [0x00000007abf00000,0x00000007abf00000,0x00000007ac080000)
 ParOldGen       total 112128K, used 81125K [0x0000000780000000, 0x0000000786d80000, 0x00000007aab00000)
  object space 112128K, 72% used [0x0000000780000000,0x0000000784f39638,0x0000000786d80000)
 Metaspace       used 21866K, capacity 22079K, committed 22320K, reserved 1069056K
  class space    used 2075K, capacity 2144K, committed 2176K, reserved 1048576K
}
Event: 813.800 GC heap before
{Heap before GC invocations=272 (full 3):
 PSYoungGen      total 21504K, used 20608K [0x00000007aab00000, 0x00000007ac200000, 0x00000007c0000000)
  eden space 20480K, 100% used [0x00000007aab00000,0x00000007abf00000,0x00000007abf00000)
  from space 1024K, 12% used [0x00000007ac100000,0x00000007ac120000,0x00000007ac200000)
  to   space 1536K, 0% used [0x00000007abf00000,0x00000007abf00000,0x00000007ac080000)
 ParOldGen       total 112128K, used 81125K [0x0000000780000000, 0x0000000786d80000, 0x00000007aab00000)
  object space 112128K, 72% used [0x0000000780000000,0x0000000784f39638,0x0000000786d80000)
 Metaspace       used 21866K, capacity 22079K, committed 22320K, reserved 1069056K
  class space    used 2075K, capacity 2144K, committed 2176K, reserved 1048576K
Event: 813.802 GC heap after
Heap after GC invocations=272 (full 3):
 PSYoungGen      total 22016K, used 128K [0x00000007aab00000, 0x00000007ac200000, 0x00000007c0000000)
  eden space 20480K, 0% used [0x00000007aab00000,0x00000007aab00000,0x00000007abf00000)
  from space 1536K, 8% used [0x00000007abf00000,0x00000007abf20000,0x00000007ac080000)
  to   space 1536K, 0% used [0x00000007ac080000,0x00000007ac080000,0x00000007ac200000)
 ParOldGen       total 112128K, used 81125K [0x0000000780000000, 0x0000000786d80000, 0x00000007aab00000)
  object space 112128K, 72% used [0x0000000780000000,0x0000000784f39638,0x0000000786d80000)
 Metaspace       used 21866K, capacity 22079K, committed 22320K, reserved 1069056K
  class space    used 2075K, capacity 2144K, committed 2176K, reserved 1048576K
}
Event: 815.654 GC heap before
{Heap before GC invocations=273 (full 3):
 PSYoungGen      total 22016K, used 20608K [0x00000007aab00000, 0x00000007ac200000, 0x00000007c0000000)
  eden space 20480K, 100% used [0x00000007aab00000,0x00000007abf00000,0x00000007abf00000)
  from space 1536K, 8% used [0x00000007abf00000,0x00000007abf20000,0x00000007ac080000)
  to   space 1536K, 0% used [0x00000007ac080000,0x00000007ac080000,0x00000007ac200000)
 ParOldGen       total 112128K, used 81125K [0x0000000780000000, 0x0000000786d80000, 0x00000007aab00000)
  object space 112128K, 72% used [0x0000000780000000,0x0000000784f39638,0x0000000786d80000)
 Metaspace       used 21866K, capacity 22079K, committed 22320K, reserved 1069056K
  class space    used 2075K, capacity 2144K, committed 2176K, reserved 1048576K
Event: 815.656 GC heap after
Heap after GC invocations=273 (full 3):
 PSYoungGen      total 22016K, used 96K [0x00000007aab00000, 0x00000007ac200000, 0x00000007c0000000)
  eden space 20480K, 0% used [0x00000007aab00000,0x00000007aab00000,0x00000007abf00000)
  from space 1536K, 6% used [0x00000007ac080000,0x00000007ac098000,0x00000007ac200000)
  to   space 1536K, 0% used [0x00000007abf00000,0x00000007abf00000,0x00000007ac080000)
 ParOldGen       total 112128K, used 81125K [0x0000000780000000, 0x0000000786d80000, 0x00000007aab00000)
  object space 112128K, 72% used [0x0000000780000000,0x0000000784f39638,0x0000000786d80000)
 Metaspace       used 21866K, capacity 22079K, committed 22320K, reserved 1069056K
  class space    used 2075K, capacity 2144K, committed 2176K, reserved 1048576K
}

Deoptimization events (10 events):
Event: 817.091 Thread 0x00007fef539bc000 Uncommon trap: reason=class_check action=maybe_recompile pc=0x0000000106c975cc method=java.awt.Component.getGraphics()Ljava/awt/Graphics; @ 114
Event: 817.092 Thread 0x00007fef53b26000 Uncommon trap: reason=class_check action=maybe_recompile pc=0x0000000106feee6c method=java.awt.event.InvocationEvent.dispatch()V @ 11
Event: 817.095 Thread 0x00007fef538fa000 Uncommon trap: reason=class_check action=maybe_recompile pc=0x00000001071dd7c0 method=com.jogamp.common.util.RunnableTask.run()V @ 24
Event: 817.097 Thread 0x00007fef538fa000 Uncommon trap: reason=unstable_if action=reinterpret pc=0x00000001071c257c method=jogamp.nativewindow.macosx.OSXUtil.RunOnMainThread(ZZLjava/lang/Runnable;)V @ 3
Event: 817.103 Thread 0x00007fef53b26000 Uncommon trap: reason=unstable_if action=reinterpret pc=0x0000000107131e98 method=jogamp.opengl.GLContextImpl.release(Z)V @ 161
Event: 817.106 Thread 0x00007fef53b26000 Uncommon trap: reason=unstable_if action=reinterpret pc=0x0000000106da7c98 method=java.util.LinkedList$ListItr.<init>(Ljava/util/LinkedList;I)V @ 26
Event: 817.107 Thread 0x00007fef53b26000 Uncommon trap: reason=unstable_if action=reinterpret pc=0x0000000107166640 method=java.security.AccessControlContext.optimize()Ljava/security/AccessControlContext; @ 233
Event: 817.109 Thread 0x00007fef539bc000 Uncommon trap: reason=class_check action=maybe_recompile pc=0x0000000106c975cc method=java.awt.Component.getGraphics()Ljava/awt/Graphics; @ 114
Event: 817.110 Thread 0x00007fef53b26000 Uncommon trap: reason=class_check action=maybe_recompile pc=0x0000000106feee6c method=java.awt.event.InvocationEvent.dispatch()V @ 11
Event: 817.152 Thread 0x00007fef538fa000 Uncommon trap: reason=class_check action=maybe_recompile pc=0x00000001071dd7c0 method=com.jogamp.common.util.RunnableTask.run()V @ 24

Internal exceptions (10 events):
Event: 0.188 Thread 0x00007fef54004000 Exception <a 'java/lang/NoSuchFieldError': method resolution failed> (0x00000007aad128e8) thrown at [/Users/java_re/workspace/8-2-build-macosx-x86_64/jdk8u65/4987/hotspot/src/share/vm/prims/methodHandles.cpp, line 1146]
Event: 1.011 Thread 0x00007fef54004000 Exception <a 'java/io/FileNotFoundException'> (0x00000007aad8e8d8) thrown at [/Users/java_re/workspace/8-2-build-macosx-x86_64/jdk8u65/4987/hotspot/src/share/vm/prims/jni.cpp, line 709]
Event: 1.012 Thread 0x00007fef54004000 Exception <a 'java/io/FileNotFoundException'> (0x00000007aad8f440) thrown at [/Users/java_re/workspace/8-2-build-macosx-x86_64/jdk8u65/4987/hotspot/src/share/vm/prims/jni.cpp, line 709]
Event: 1.163 Thread 0x00007fef54004000 Exception <a 'java/io/FileNotFoundException'> (0x00000007aae79500) thrown at [/Users/java_re/workspace/8-2-build-macosx-x86_64/jdk8u65/4987/hotspot/src/share/vm/prims/jni.cpp, line 709]
Event: 3.397 Thread 0x00007fef54845800 Exception <a 'java/lang/NullPointerException'> (0x00000007aab84e70) thrown at [/Users/java_re/workspace/8-2-build-macosx-x86_64/jdk8u65/4987/hotspot/src/share/vm/interpreter/linkResolver.cpp, line 1178]
Event: 3.484 Thread 0x00007fef55258800 Exception <a 'java/lang/UnsatisfiedLinkError': com.jogamp.common.util.JarUtil.fixNativeLibAttribs(Ljava/lang/String;)Z> (0x00000007aaf1fd80) thrown at [/Users/java_re/workspace/8-2-build-macosx-x86_64/jdk8u65/4987/hotspot/src/share/vm/prims/nativeLookup.c
Event: 4.492 Thread 0x00007fef53b26000 Exception <a 'java/io/FileNotFoundException'> (0x00000007ab1ab738) thrown at [/Users/java_re/workspace/8-2-build-macosx-x86_64/jdk8u65/4987/hotspot/src/share/vm/prims/jni.cpp, line 709]
Event: 4.492 Thread 0x00007fef53b26000 Exception <a 'java/io/FileNotFoundException'> (0x00000007ab1b2028) thrown at [/Users/java_re/workspace/8-2-build-macosx-x86_64/jdk8u65/4987/hotspot/src/share/vm/prims/jni.cpp, line 709]
Event: 4.492 Thread 0x00007fef53b26000 Implicit null exception at 0x0000000106aa9c35 to 0x0000000106aa9f99
Event: 753.413 Thread 0x00007fef53b26000 Implicit null exception at 0x0000000106e4f707 to 0x0000000106e4f959

Events (10 events):
Event: 817.109 Thread 0x00007fef539bc000 DEOPT PACKING pc=0x0000000106c975cc sp=0x00000001228c3cb0
Event: 817.110 Thread 0x00007fef539bc000 DEOPT UNPACKING pc=0x0000000106908229 sp=0x00000001228c3cb0 mode 2
Event: 817.110 loading class java/awt/Window$1DisposeAction
Event: 817.110 loading class java/awt/Window$1DisposeAction done
Event: 817.110 Thread 0x00007fef53b26000 Uncommon trap: trap_request=0xffffffde fr.pc=0x0000000106feee6c
Event: 817.110 Thread 0x00007fef53b26000 DEOPT PACKING pc=0x0000000106feee6c sp=0x00000001821b1f20
Event: 817.110 Thread 0x00007fef53b26000 DEOPT UNPACKING pc=0x0000000106908229 sp=0x00000001821b1f20 mode 2
Event: 817.152 Thread 0x00007fef538fa000 Uncommon trap: trap_request=0xffffffde fr.pc=0x00000001071dd7c0
Event: 817.152 Thread 0x00007fef538fa000 DEOPT PACKING pc=0x00000001071dd7c0 sp=0x00007fff5ad51730
Event: 817.152 Thread 0x00007fef538fa000 DEOPT UNPACKING pc=0x0000000106908229 sp=0x00007fff5ad516d8 mode 2


Dynamic libraries:
0x0000000003439000 	/System/Library/Frameworks/Cocoa.framework/Versions/A/Cocoa
0x0000000003439000 	/System/Library/Frameworks/Security.framework/Versions/A/Security
0x0000000003439000 	/System/Library/Frameworks/ApplicationServices.framework/Versions/A/ApplicationServices
0x0000000003439000 	/usr/lib/libz.1.dylib
0x0000000003439000 	/usr/lib/libSystem.B.dylib
0x0000000003439000 	/usr/lib/libobjc.A.dylib
0x0000000003439000 	/System/Library/Frameworks/CoreFoundation.framework/Versions/A/CoreFoundation
0x0000000003439000 	/System/Library/Frameworks/Foundation.framework/Versions/C/Foundation
0x0000000003439000 	/System/Library/Frameworks/AppKit.framework/Versions/C/AppKit
0x0000000003439000 	/System/Library/Frameworks/CoreData.framework/Versions/A/CoreData
0x0000000003439000 	/System/Library/PrivateFrameworks/RemoteViewServices.framework/Versions/A/RemoteViewServices
0x0000000003439000 	/System/Library/PrivateFrameworks/UIFoundation.framework/Versions/A/UIFoundation
0x0000000003439000 	/System/Library/Frameworks/IOSurface.framework/Versions/A/IOSurface
0x0000000003439000 	/System/Library/Frameworks/AudioToolbox.framework/Versions/A/AudioToolbox
0x0000000003439000 	/System/Library/Frameworks/AudioUnit.framework/Versions/A/AudioUnit
0x0000000003439000 	/System/Library/PrivateFrameworks/DataDetectorsCore.framework/Versions/A/DataDetectorsCore
0x0000000003439000 	/System/Library/PrivateFrameworks/DesktopServicesPriv.framework/Versions/A/DesktopServicesPriv
0x0000000003439000 	/System/Library/Frameworks/Carbon.framework/Versions/A/Frameworks/HIToolbox.framework/Versions/A/HIToolbox
0x0000000003439000 	/System/Library/Frameworks/QuartzCore.framework/Versions/A/QuartzCore
0x0000000003439000 	/System/Library/Frameworks/Carbon.framework/Versions/A/Frameworks/SpeechRecognition.framework/Versions/A/SpeechRecognition
0x0000000003439000 	/usr/lib/libauto.dylib
0x0000000003439000 	/usr/lib/libicucore.A.dylib
0x0000000003439000 	/usr/lib/libxml2.2.dylib
0x0000000003439000 	/System/Library/PrivateFrameworks/CoreUI.framework/Versions/A/CoreUI
0x0000000003439000 	/System/Library/Frameworks/CoreAudio.framework/Versions/A/CoreAudio
0x0000000003439000 	/System/Library/Frameworks/DiskArbitration.framework/Versions/A/DiskArbitration
0x0000000003439000 	/usr/lib/liblangid.dylib
0x0000000003439000 	/System/Library/PrivateFrameworks/MultitouchSupport.framework/Versions/A/MultitouchSupport
0x0000000003439000 	/System/Library/Frameworks/IOKit.framework/Versions/A/IOKit
0x0000000003439000 	/usr/lib/libDiagnosticMessagesClient.dylib
0x0000000003439000 	/System/Library/Frameworks/CoreServices.framework/Versions/A/CoreServices
0x0000000003439000 	/System/Library/PrivateFrameworks/PerformanceAnalysis.framework/Versions/A/PerformanceAnalysis
0x0000000003439000 	/System/Library/PrivateFrameworks/GenerationalStorage.framework/Versions/A/GenerationalStorage
0x0000000003439000 	/System/Library/Frameworks/OpenGL.framework/Versions/A/OpenGL
0x0000000003439000 	/System/Library/PrivateFrameworks/Sharing.framework/Versions/A/Sharing
0x0000000003439000 	/System/Library/Frameworks/CoreGraphics.framework/Versions/A/CoreGraphics
0x0000000003439000 	/System/Library/Frameworks/CoreText.framework/Versions/A/CoreText
0x0000000003439000 	/System/Library/Frameworks/ImageIO.framework/Versions/A/ImageIO
0x0000000003439000 	/usr/lib/libextension.dylib
0x0000000003439000 	/System/Library/PrivateFrameworks/Backup.framework/Versions/A/Backup
0x0000000003439000 	/usr/lib/libarchive.2.dylib
0x0000000003439000 	/System/Library/Frameworks/CFNetwork.framework/Versions/A/CFNetwork
0x0000000003439000 	/System/Library/Frameworks/SystemConfiguration.framework/Versions/A/SystemConfiguration
0x0000000003439000 	/usr/lib/libCRFSuite.dylib
0x0000000003439000 	/usr/lib/libc++.1.dylib
0x0000000003439000 	/usr/lib/libc++abi.dylib
0x0000000003439000 	/usr/lib/system/libcache.dylib
0x0000000003439000 	/usr/lib/system/libcommonCrypto.dylib
0x0000000003439000 	/usr/lib/system/libcompiler_rt.dylib
0x0000000003439000 	/usr/lib/system/libcopyfile.dylib
0x0000000003439000 	/usr/lib/system/libcorecrypto.dylib
0x0000000003439000 	/usr/lib/system/libdispatch.dylib
0x0000000003439000 	/usr/lib/system/libdyld.dylib
0x0000000003439000 	/usr/lib/system/libkeymgr.dylib
0x0000000003439000 	/usr/lib/system/liblaunch.dylib
0x0000000003439000 	/usr/lib/system/libmacho.dylib
0x0000000003439000 	/usr/lib/system/libquarantine.dylib
0x0000000003439000 	/usr/lib/system/libremovefile.dylib
0x0000000003439000 	/usr/lib/system/libsystem_asl.dylib
0x0000000003439000 	/usr/lib/system/libsystem_blocks.dylib
0x0000000003439000 	/usr/lib/system/libsystem_c.dylib
0x0000000003439000 	/usr/lib/system/libsystem_configuration.dylib
0x0000000003439000 	/usr/lib/system/libsystem_coreservices.dylib
0x0000000003439000 	/usr/lib/system/libsystem_coretls.dylib
0x0000000003439000 	/usr/lib/system/libsystem_dnssd.dylib
0x0000000003439000 	/usr/lib/system/libsystem_info.dylib
0x0000000003439000 	/usr/lib/system/libsystem_kernel.dylib
0x0000000003439000 	/usr/lib/system/libsystem_m.dylib
0x0000000003439000 	/usr/lib/system/libsystem_malloc.dylib
0x0000000003439000 	/usr/lib/system/libsystem_network.dylib
0x0000000003439000 	/usr/lib/system/libsystem_networkextension.dylib
0x0000000003439000 	/usr/lib/system/libsystem_notify.dylib
0x0000000003439000 	/usr/lib/system/libsystem_platform.dylib
0x0000000003439000 	/usr/lib/system/libsystem_pthread.dylib
0x0000000003439000 	/usr/lib/system/libsystem_sandbox.dylib
0x0000000003439000 	/usr/lib/system/libsystem_secinit.dylib
0x0000000003439000 	/usr/lib/system/libsystem_stats.dylib
0x0000000003439000 	/usr/lib/system/libsystem_trace.dylib
0x0000000003439000 	/usr/lib/system/libunc.dylib
0x0000000003439000 	/usr/lib/system/libunwind.dylib
0x0000000003439000 	/usr/lib/system/libxpc.dylib
0x0000000003439000 	/usr/lib/libbz2.1.0.dylib
0x0000000003439000 	/usr/lib/liblzma.5.dylib
0x0000000003439000 	/usr/lib/libbsm.0.dylib
0x0000000003439000 	/usr/lib/libsqlite3.dylib
0x0000000003439000 	/usr/lib/system/libkxld.dylib
0x0000000003439000 	/usr/lib/libxar.1.dylib
0x0000000003439000 	/usr/lib/libpam.2.dylib
0x0000000003439000 	/usr/lib/libOpenScriptingUtil.dylib
0x0000000003439000 	/System/Library/Frameworks/CoreServices.framework/Versions/A/Frameworks/FSEvents.framework/Versions/A/FSEvents
0x0000000003439000 	/System/Library/Frameworks/CoreServices.framework/Versions/A/Frameworks/CarbonCore.framework/Versions/A/CarbonCore
0x0000000003439000 	/System/Library/Frameworks/CoreServices.framework/Versions/A/Frameworks/Metadata.framework/Versions/A/Metadata
0x0000000003439000 	/System/Library/Frameworks/CoreServices.framework/Versions/A/Frameworks/OSServices.framework/Versions/A/OSServices
0x0000000003439000 	/System/Library/Frameworks/CoreServices.framework/Versions/A/Frameworks/SearchKit.framework/Versions/A/SearchKit
0x0000000003439000 	/System/Library/Frameworks/CoreServices.framework/Versions/A/Frameworks/AE.framework/Versions/A/AE
0x0000000003439000 	/System/Library/Frameworks/CoreServices.framework/Versions/A/Frameworks/LaunchServices.framework/Versions/A/LaunchServices
0x0000000003439000 	/System/Library/Frameworks/CoreServices.framework/Versions/A/Frameworks/DictionaryServices.framework/Versions/A/DictionaryServices
0x0000000003439000 	/System/Library/Frameworks/NetFS.framework/Versions/A/NetFS
0x0000000003439000 	/System/Library/PrivateFrameworks/NetAuth.framework/Versions/A/NetAuth
0x0000000003439000 	/System/Library/PrivateFrameworks/login.framework/Versions/A/Frameworks/loginsupport.framework/Versions/A/loginsupport
0x0000000003439000 	/System/Library/PrivateFrameworks/TCC.framework/Versions/A/TCC
0x0000000003439000 	/usr/lib/libmecabra.dylib
0x0000000003439000 	/System/Library/Frameworks/ApplicationServices.framework/Versions/A/Frameworks/ATS.framework/Versions/A/ATS
0x0000000003439000 	/System/Library/Frameworks/ApplicationServices.framework/Versions/A/Frameworks/ColorSync.framework/Versions/A/ColorSync
0x0000000003439000 	/System/Library/Frameworks/ApplicationServices.framework/Versions/A/Frameworks/HIServices.framework/Versions/A/HIServices
0x0000000003439000 	/System/Library/Frameworks/ApplicationServices.framework/Versions/A/Frameworks/LangAnalysis.framework/Versions/A/LangAnalysis
0x0000000003439000 	/System/Library/Frameworks/ApplicationServices.framework/Versions/A/Frameworks/PrintCore.framework/Versions/A/PrintCore
0x0000000003439000 	/System/Library/Frameworks/ApplicationServices.framework/Versions/A/Frameworks/QD.framework/Versions/A/QD
0x0000000003439000 	/System/Library/Frameworks/ApplicationServices.framework/Versions/A/Frameworks/SpeechSynthesis.framework/Versions/A/SpeechSynthesis
0x0000000003439000 	/System/Library/Frameworks/Accelerate.framework/Versions/A/Accelerate
0x0000000003439000 	/System/Library/Frameworks/Accelerate.framework/Versions/A/Frameworks/vImage.framework/Versions/A/vImage
0x0000000003439000 	/System/Library/Frameworks/Accelerate.framework/Versions/A/Frameworks/vecLib.framework/Versions/A/vecLib
0x0000000003439000 	/System/Library/Frameworks/Accelerate.framework/Versions/A/Frameworks/vecLib.framework/Versions/A/libvDSP.dylib
0x0000000003439000 	/System/Library/Frameworks/Accelerate.framework/Versions/A/Frameworks/vecLib.framework/Versions/A/libvMisc.dylib
0x0000000003439000 	/System/Library/Frameworks/Accelerate.framework/Versions/A/Frameworks/vecLib.framework/Versions/A/libLAPACK.dylib
0x0000000003439000 	/System/Library/Frameworks/Accelerate.framework/Versions/A/Frameworks/vecLib.framework/Versions/A/libBLAS.dylib
0x0000000003439000 	/System/Library/Frameworks/Accelerate.framework/Versions/A/Frameworks/vecLib.framework/Versions/A/libLinearAlgebra.dylib
0x0000000003439000 	/System/Library/Frameworks/ApplicationServices.framework/Versions/A/Frameworks/ATS.framework/Versions/A/Resources/libFontParser.dylib
0x0000000003439000 	/System/Library/Frameworks/ApplicationServices.framework/Versions/A/Frameworks/ATS.framework/Versions/A/Resources/libFontRegistry.dylib
0x0000000003439000 	/System/Library/PrivateFrameworks/AppleVPA.framework/Versions/A/AppleVPA
0x0000000003439000 	/System/Library/PrivateFrameworks/AppleJPEG.framework/Versions/A/AppleJPEG
0x0000000003439000 	/System/Library/Frameworks/ImageIO.framework/Versions/A/Resources/libJPEG.dylib
0x0000000003439000 	/System/Library/Frameworks/ImageIO.framework/Versions/A/Resources/libTIFF.dylib
0x0000000003439000 	/System/Library/Frameworks/ImageIO.framework/Versions/A/Resources/libPng.dylib
0x0000000003439000 	/System/Library/Frameworks/ImageIO.framework/Versions/A/Resources/libGIF.dylib
0x0000000003439000 	/System/Library/Frameworks/ImageIO.framework/Versions/A/Resources/libJP2.dylib
0x0000000003439000 	/System/Library/Frameworks/ImageIO.framework/Versions/A/Resources/libRadiance.dylib
0x0000000003439000 	/System/Library/Frameworks/CoreVideo.framework/Versions/A/CoreVideo
0x0000000003439000 	/System/Library/Frameworks/OpenGL.framework/Versions/A/Libraries/libGLU.dylib
0x0000000003439000 	/System/Library/Frameworks/OpenGL.framework/Versions/A/Libraries/libGFXShared.dylib
0x0000000003439000 	/System/Library/Frameworks/OpenGL.framework/Versions/A/Libraries/libGL.dylib
0x0000000003439000 	/System/Library/Frameworks/OpenGL.framework/Versions/A/Libraries/libGLImage.dylib
0x0000000003439000 	/System/Library/Frameworks/OpenGL.framework/Versions/A/Libraries/libCVMSPluginSupport.dylib
0x0000000003439000 	/System/Library/Frameworks/OpenGL.framework/Versions/A/Libraries/libCoreVMClient.dylib
0x0000000003439000 	/usr/lib/libcups.2.dylib
0x0000000003439000 	/System/Library/Frameworks/Kerberos.framework/Versions/A/Kerberos
0x0000000003439000 	/System/Library/Frameworks/GSS.framework/Versions/A/GSS
0x0000000003439000 	/usr/lib/libresolv.9.dylib
0x0000000003439000 	/usr/lib/libiconv.2.dylib
0x0000000003439000 	/System/Library/PrivateFrameworks/Heimdal.framework/Versions/A/Heimdal
0x0000000003439000 	/usr/lib/libheimdal-asn1.dylib
0x0000000003439000 	/System/Library/Frameworks/OpenDirectory.framework/Versions/A/OpenDirectory
0x0000000003439000 	/System/Library/PrivateFrameworks/CommonAuth.framework/Versions/A/CommonAuth
0x0000000003439000 	/System/Library/Frameworks/OpenDirectory.framework/Versions/A/Frameworks/CFOpenDirectory.framework/Versions/A/CFOpenDirectory
0x0000000003439000 	/System/Library/Frameworks/SecurityFoundation.framework/Versions/A/SecurityFoundation
0x0000000003439000 	/System/Library/PrivateFrameworks/LanguageModeling.framework/Versions/A/LanguageModeling
0x0000000003439000 	/usr/lib/libcmph.dylib
0x0000000003439000 	/System/Library/Frameworks/ServiceManagement.framework/Versions/A/ServiceManagement
0x0000000003439000 	/usr/lib/libxslt.1.dylib
0x0000000003439000 	/System/Library/Frameworks/Carbon.framework/Versions/A/Frameworks/Ink.framework/Versions/A/Ink
0x0000000003439000 	/System/Library/Frameworks/QuartzCore.framework/Versions/A/Frameworks/CoreImage.framework/Versions/A/CoreImage
0x0000000003439000 	/System/Library/PrivateFrameworks/CrashReporterSupport.framework/Versions/A/CrashReporterSupport
0x0000000003439000 	/System/Library/Frameworks/OpenCL.framework/Versions/A/OpenCL
0x0000000003439000 	/System/Library/PrivateFrameworks/FaceCore.framework/Versions/A/FaceCore
0x0000000003439000 	/System/Library/PrivateFrameworks/Ubiquity.framework/Versions/A/Ubiquity
0x0000000003439000 	/System/Library/PrivateFrameworks/IconServices.framework/Versions/A/IconServices
0x0000000003439000 	/System/Library/PrivateFrameworks/ChunkingLibrary.framework/Versions/A/ChunkingLibrary
0x0000000003439000 	/System/Library/PrivateFrameworks/Apple80211.framework/Versions/A/Apple80211
0x0000000003439000 	/System/Library/Frameworks/CoreWLAN.framework/Versions/A/CoreWLAN
0x0000000003439000 	/System/Library/Frameworks/IOBluetooth.framework/Versions/A/IOBluetooth
0x0000000003439000 	/System/Library/PrivateFrameworks/CoreWiFi.framework/Versions/A/CoreWiFi
0x0000000003439000 	/System/Library/Frameworks/CoreBluetooth.framework/Versions/A/CoreBluetooth
0x0000000003439000 	/System/Library/PrivateFrameworks/DebugSymbols.framework/Versions/A/DebugSymbols
0x0000000003439000 	/System/Library/PrivateFrameworks/CoreSymbolication.framework/Versions/A/CoreSymbolication
0x0000000003439000 	/System/Library/PrivateFrameworks/Symbolication.framework/Versions/A/Symbolication
0x0000000003439000 	/System/Library/PrivateFrameworks/SpeechRecognitionCore.framework/Versions/A/SpeechRecognitionCore
0x0000000104fa9000 	/Library/Java/JavaVirtualMachines/jdk1.8.0_65.jdk/Contents/Home/jre/lib/server/libjvm.dylib
0x0000000003439000 	/usr/lib/libstdc++.6.dylib
0x0000000105f49000 	/Library/Java/JavaVirtualMachines/jdk1.8.0_65.jdk/Contents/Home/jre/lib/libverify.dylib
0x0000000105f57000 	/Library/Java/JavaVirtualMachines/jdk1.8.0_65.jdk/Contents/Home/jre/lib/libjava.dylib
0x0000000105f96000 	/Library/Java/JavaVirtualMachines/jdk1.8.0_65.jdk/Contents/Home/jre/lib/libzip.dylib
0x000000011a3b5000 	/System/Library/Frameworks/JavaVM.framework/Frameworks/JavaRuntimeSupport.framework/JavaRuntimeSupport
0x000000011a3cb000 	/System/Library/Frameworks/JavaVM.framework/Versions/A/Frameworks/JavaNativeFoundation.framework/Versions/A/JavaNativeFoundation
0x000000011a3df000 	/System/Library/Frameworks/JavaVM.framework/Versions/A/JavaVM
0x0000000003439000 	/System/Library/Frameworks/Carbon.framework/Versions/A/Carbon
0x000000011a3eb000 	/System/Library/PrivateFrameworks/JavaLaunching.framework/Versions/A/JavaLaunching
0x0000000003439000 	/System/Library/Frameworks/Carbon.framework/Versions/A/Frameworks/CommonPanels.framework/Versions/A/CommonPanels
0x0000000003439000 	/System/Library/Frameworks/Carbon.framework/Versions/A/Frameworks/Help.framework/Versions/A/Help
0x0000000003439000 	/System/Library/Frameworks/Carbon.framework/Versions/A/Frameworks/ImageCapture.framework/Versions/A/ImageCapture
0x0000000003439000 	/System/Library/Frameworks/Carbon.framework/Versions/A/Frameworks/OpenScripting.framework/Versions/A/OpenScripting
0x0000000003439000 	/System/Library/Frameworks/Carbon.framework/Versions/A/Frameworks/Print.framework/Versions/A/Print
0x0000000003439000 	/System/Library/Frameworks/Carbon.framework/Versions/A/Frameworks/SecurityHI.framework/Versions/A/SecurityHI
0x000000011c25f000 	/Library/Java/JavaVirtualMachines/jdk1.8.0_65.jdk/Contents/Home/jre/lib/libawt.dylib
0x000000011c307000 	/Library/Java/JavaVirtualMachines/jdk1.8.0_65.jdk/Contents/Home/jre/lib/./libmlib_image.dylib
0x000000011c3d3000 	/Library/Java/JavaVirtualMachines/jdk1.8.0_65.jdk/Contents/Home/jre/lib/libawt_lwawt.dylib
0x000000011c488000 	/Library/Java/JavaVirtualMachines/jdk1.8.0_65.jdk/Contents/Home/jre/lib/./libosxapp.dylib
0x0000000003439000 	/System/Library/Frameworks/ExceptionHandling.framework/Versions/A/ExceptionHandling
0x0000000003439000 	/System/Library/PrivateFrameworks/CoreServicesInternal.framework/Versions/A/CoreServicesInternal
0x0000000003439000 	/System/Library/PrivateFrameworks/CloudDocs.framework/Versions/A/CloudDocs
0x0000000003439000 	/System/Library/PrivateFrameworks/CoreDuet.framework/Versions/A/CoreDuet
0x0000000003439000 	/System/Library/Frameworks/CloudKit.framework/Versions/A/CloudKit
0x0000000003439000 	/System/Library/PrivateFrameworks/ProtocolBuffer.framework/Versions/A/ProtocolBuffer
0x0000000003439000 	/System/Library/PrivateFrameworks/CoreDuetDaemonProtocol.framework/Versions/A/CoreDuetDaemonProtocol
0x0000000003439000 	/System/Library/PrivateFrameworks/CoreDuetDebugLogging.framework/Versions/A/CoreDuetDebugLogging
0x0000000003439000 	/System/Library/PrivateFrameworks/MMCS.framework/Versions/A/MMCS
0x0000000003439000 	/System/Library/Frameworks/CoreLocation.framework/Versions/A/CoreLocation
0x0000000003439000 	/System/Library/PrivateFrameworks/ProtectedCloudStorage.framework/Versions/A/ProtectedCloudStorage
0x0000000003439000 	/System/Library/PrivateFrameworks/GeoServices.framework/Versions/A/GeoServices
0x0000000003439000 	/System/Library/Frameworks/CoreGraphics.framework/Versions/A/Resources/libCGCMS.A.dylib
0x0000000003439000 	/System/Library/Frameworks/CoreGraphics.framework/Versions/A/Resources/libRIP.A.dylib
0x0000000003439000 	/System/Library/Frameworks/CoreGraphics.framework/Versions/A/Resources/libCGXType.A.dylib
0x0000000003439000 	/System/Library/Frameworks/OpenCL.framework/Versions/A/Libraries/libcldcpuengine.dylib
0x0000000003439000 	/System/Library/PrivateFrameworks/DiskImages.framework/Versions/A/DiskImages
0x0000000003439000 	/System/Library/Frameworks/DiscRecording.framework/Versions/A/DiscRecording
0x0000000003439000 	/usr/lib/libcsfde.dylib
0x0000000003439000 	/usr/lib/libcurl.4.dylib
0x0000000003439000 	/System/Library/PrivateFrameworks/MediaKit.framework/Versions/A/MediaKit
0x0000000003439000 	/usr/lib/libCoreStorage.dylib
0x0000000003439000 	/System/Library/PrivateFrameworks/EFILogin.framework/Versions/A/EFILogin
0x0000000003439000 	/usr/lib/libutil.dylib
0x0000000003439000 	/System/Library/PrivateFrameworks/FindMyDevice.framework/Versions/A/FindMyDevice
0x0000000003439000 	/System/Library/Frameworks/LDAP.framework/Versions/A/LDAP
0x0000000003439000 	/usr/lib/libsasl2.2.dylib
0x0000000003439000 	/System/Library/PrivateFrameworks/CoreDaemon.framework/Versions/B/CoreDaemon
0x0000000003439000 	/usr/lib/libcrypto.0.9.8.dylib
0x0000000003439000 	/System/Library/PrivateFrameworks/AppleSRP.framework/Versions/A/AppleSRP
0x0000000003439000 	/System/Library/PrivateFrameworks/TrustEvaluationAgent.framework/Versions/A/TrustEvaluationAgent
0x000000011f2be000 	cl_kernels
0x000000011f2c0000 	/System/Library/Frameworks/OpenCL.framework/Versions/A/Libraries/ImageFormats/unorm8_bgra.dylib
0x000000011f2af000 	cl_kernels
0x0000000003439000 	/System/Library/PrivateFrameworks/FamilyControls.framework/Versions/A/FamilyControls
0x0000000003439000 	/System/Library/PrivateFrameworks/CommerceKit.framework/Versions/A/Frameworks/CommerceCore.framework/Versions/A/CommerceCore
0x0000000003439000 	/System/Library/PrivateFrameworks/SystemAdministration.framework/Versions/A/SystemAdministration
0x0000000003439000 	/System/Library/PrivateFrameworks/AppContainer.framework/Versions/A/AppContainer
0x0000000003439000 	/System/Library/PrivateFrameworks/SecCodeWrapper.framework/Versions/A/SecCodeWrapper
0x0000000003439000 	/System/Library/Frameworks/DirectoryService.framework/Versions/A/DirectoryService
0x0000000003439000 	/System/Library/PrivateFrameworks/LoginUIKit.framework/Versions/A/Frameworks/LoginUICore.framework/Versions/A/LoginUICore
0x0000000003439000 	/usr/lib/libodfde.dylib
0x0000000003439000 	/System/Library/Frameworks/OpenGL.framework/Versions/A/Resources/GLEngine.bundle/GLEngine
0x0000000003439000 	/System/Library/Frameworks/OpenGL.framework/Versions/A/Libraries/libGLProgrammability.dylib
0x00000001205ac000 	/System/Library/Extensions/AppleIntelHD5000GraphicsGLDriver.bundle/Contents/MacOS/AppleIntelHD5000GraphicsGLDriver
0x0000000003439000 	/System/Library/PrivateFrameworks/IOAccelerator.framework/Versions/A/IOAccelerator
0x0000000003439000 	/System/Library/PrivateFrameworks/GPUSupport.framework/Versions/A/Libraries/libGPUSupportMercury.dylib
0x0000000003439000 	/System/Library/Frameworks/OpenGL.framework/Versions/A/Resources/GLRendererFloat.bundle/GLRendererFloat
0x0000000121626000 	/Library/Java/JavaVirtualMachines/jdk1.8.0_65.jdk/Contents/Home/jre/lib/libfontmanager.dylib
0x0000000122724000 	/Library/Java/JavaVirtualMachines/jdk1.8.0_65.jdk/Contents/Home/jre/lib/libosxui.dylib
0x0000000122b4d000 	/Library/Java/JavaVirtualMachines/jdk1.8.0_65.jdk/Contents/Home/jre/lib/libnet.dylib
0x000000012295e000 	/Library/Java/JavaVirtualMachines/jdk1.8.0_65.jdk/Contents/Home/jre/lib/libnio.dylib
0x0000000003439000 	/System/Library/Frameworks/ApplicationServices.framework/Versions/A/Frameworks/ATS.framework/Versions/A/Resources/libTrueTypeScaler.dylib
0x0000000181a56000 	/private/var/folders/bq/j_8mtpj905g4zm70gcmg0_c80000gn/T/jogamp_0000/file_cache/jln4813908965103756719/jln6878395087179697874/libgluegen-rt.jnilib
0x0000000181a5a000 	/private/var/folders/bq/j_8mtpj905g4zm70gcmg0_c80000gn/T/jogamp_0000/file_cache/jln4813908965103756719/jln6878395087179697874/libnativewindow_awt.jnilib
0x0000000181a61000 	/Library/Java/JavaVirtualMachines/jdk1.8.0_65.jdk/Contents/Home/jre/lib/libjawt.dylib
0x0000000181a64000 	/private/var/folders/bq/j_8mtpj905g4zm70gcmg0_c80000gn/T/jogamp_0000/file_cache/jln4813908965103756719/jln6878395087179697874/libnativewindow_macosx.jnilib
0x0000000183736000 	/private/var/folders/bq/j_8mtpj905g4zm70gcmg0_c80000gn/T/jogamp_0000/file_cache/jln4813908965103756719/jln6878395087179697874/libjogl_desktop.jnilib
0x0000000185cbc000 	/Library/Java/JavaVirtualMachines/jdk1.8.0_65.jdk/Contents/Home/jre/lib/libt2k.dylib

VM Arguments:
jvm_args: -Djava.security.policy=java.policy.applet -Dfile.encoding=UTF-8 
java_command: sun.applet.AppletViewer module6.EarthquakeCityMap1468635333847.html
java_class_path (initial): /Users/ryanjordan/Documents/EclipseWorkspace/UCSDUnfoldingMaps/build:/Users/ryanjordan/Documents/EclipseWorkspace/UCSDUnfoldingMaps/lib/core.jar:/Users/ryanjordan/Documents/EclipseWorkspace/UCSDUnfoldingMaps/lib/gluegen-rt.jar:/Users/ryanjordan/Documents/EclipseWorkspace/UCSDUnfoldingMaps/lib/jogl-all.jar:/Users/ryanjordan/Documents/EclipseWorkspace/UCSDUnfoldingMaps/lib/log4j-1.2.15.jar:/Users/ryanjordan/Documents/EclipseWorkspace/UCSDUnfoldingMaps/lib/sqlite-jdbc-3.7.2.jar:/Users/ryanjordan/Documents/EclipseWorkspace/UCSDUnfoldingMaps/lib/json4processing.jar:/Users/ryanjordan/Documents/EclipseWorkspace/UCSDUnfoldingMaps/lib/libTUIO.jar:/Users/ryanjordan/Documents/EclipseWorkspace/UCSDUnfoldingMaps/lib/unfolding.0.9.7-uscd.jar:/Users/ryanjordan/Documents/EclipseWorkspace/UCSDUnfoldingMaps/jgoodies-forms-1.8.0.jar
Launcher Type: SUN_STANDARD

Environment Variables:
PATH=/usr/bin:/bin:/usr/sbin:/sbin
SHELL=/bin/bash
DISPLAY=/private/tmp/com.apple.launchd.Ie6BNiHdOf/org.macosforge.xquartz:0

Signal Handlers:
SIGSEGV: [libjvm.dylib+0x5a6d31], sa_mask[0]=11111111011111110111111111111111, sa_flags=SA_ONSTACK|SA_RESTART|SA_SIGINFO
SIGBUS: [libjvm.dylib+0x5a6d31], sa_mask[0]=11111111011111110111111111111111, sa_flags=SA_RESTART|SA_SIGINFO
SIGFPE: [libjvm.dylib+0x480a40], sa_mask[0]=11111111011111110111111111111111, sa_flags=SA_RESTART|SA_SIGINFO
SIGPIPE: [libjvm.dylib+0x480a40], sa_mask[0]=11111111011111110111111111111111, sa_flags=SA_RESTART|SA_SIGINFO
SIGXFSZ: [libjvm.dylib+0x480a40], sa_mask[0]=11111111011111110111111111111111, sa_flags=SA_RESTART|SA_SIGINFO
SIGILL: [libjvm.dylib+0x480a40], sa_mask[0]=11111111011111110111111111111111, sa_flags=SA_RESTART|SA_SIGINFO
SIGUSR1: SIG_DFL, sa_mask[0]=00000000000000000000000000000000, sa_flags=none
SIGUSR2: [libjvm.dylib+0x48055e], sa_mask[0]=00100000000000000000000000000000, sa_flags=SA_RESTART|SA_SIGINFO
SIGHUP: [libjvm.dylib+0x47eb35], sa_mask[0]=11111111011111110111111111111111, sa_flags=SA_RESTART|SA_SIGINFO
SIGINT: [libjvm.dylib+0x47eb35], sa_mask[0]=11111111011111110111111111111111, sa_flags=SA_RESTART|SA_SIGINFO
SIGTERM: [libjvm.dylib+0x47eb35], sa_mask[0]=11111111011111110111111111111111, sa_flags=SA_RESTART|SA_SIGINFO
SIGQUIT: [libjvm.dylib+0x47eb35], sa_mask[0]=11111111011111110111111111111111, sa_flags=SA_RESTART|SA_SIGINFO


---------------  S Y S T E M  ---------------

OS:Bsduname:Darwin 14.5.0 Darwin Kernel Version 14.5.0: Thu Apr 21 20:40:54 PDT 2016; root:xnu-2782.50.3~1/RELEASE_X86_64 x86_64
rlimit: STACK 8192k, CORE 0k, NPROC 709, NOFILE 10240, AS infinity
load average:1.51 1.80 2.09

CPU:total 4 (2 cores per cpu, 2 threads per core) family 6 model 69 stepping 1, cmov, cx8, fxsr, mmx, sse, sse2, sse3, ssse3, sse4.1, sse4.2, popcnt, avx, avx2, aes, clmul, erms, lzcnt, ht, tsc, tscinvbit, bmi1, bmi2

Memory: 4k page, physical 4194304k(135088k free)

/proc/meminfo:


vm_info: Java HotSpot(TM) 64-Bit Server VM (25.65-b01) for bsd-amd64 JRE (1.8.0_65-b17), built on Oct  6 2015 15:36:46 by "java_re" with gcc 4.2.1 (Based on Apple Inc. build 5658) (LLVM build 2336.11.00)

time: Fri Jul 15 19:29:11 2016
elapsed time: 817 seconds (0d 0h 13m 37s)

